
[WATCHDOG] Auto restart at 2026-06-12 12:05:27.267168

[HOST] Auto install checking...
[AUTO-INSTALL] pip install emoji
Collecting emoji
  Downloading emoji-2.15.0-py3-none-any.whl.metadata (5.7 kB)
Downloading emoji-2.15.0-py3-none-any.whl (608 kB)
   ━━━━━━━━━━━━━━━━━━━━━━━━ 608.4/608.4 kB 4.9 MB/s  0:00:00
Installing collected packages: emoji
Successfully installed emoji-2.15.0
[HOST] Auto install done.

[HOST] Starting fuck.py at 2026-06-12 12:05:33.882527
╔══════════════════════════════════════╗
║   🔥 🔥 𝙎𝗛𝗔𝗗𝗢𝗪 𝗕𝗢𝗧𝗦𝙋𝙍𝙀𝙈𝙄𝙐𝙈 𝙀𝙈𝙊𝙅𝙄 🔥 FIXED  ║
║   Developer : @BOT_CLONER           ║
║   Placeholder: 🌟 (UTF-16 len=2)       ║
║   Status    : RUNNING ✅            ║
╚══════════════════════════════════════╝
Traceback (most recent call last):
  File "/data/data/com.termux/files/home/downloads/data/projects/ADMIN/74ecd90a/fuck.py", line 1347, in <module>
    bot.infinity_polling(timeout=30, long_polling_timeout=15)
    ~~~~~~~~~~~~~~~~~~~~^^^^^^^^^^^^^^^^^^^^^^^^^^^^^^^^^^^^^
  File "/data/data/com.termux/files/usr/lib/python3.13/site-packages/telebot/__init__.py", line 1123, in infinity_polling
    self.polling(non_stop=True, timeout=timeout, long_polling_timeout=long_polling_timeout,
    ~~~~~~~~~~~~^^^^^^^^^^^^^^^^^^^^^^^^^^^^^^^^^^^^^^^^^^^^^^^^^^^^^^^^^^^^^^^^^^^^^^^^^^^
                 logger_level=logger_level, allowed_updates=allowed_updates, restart_on_change=False,
                 ^^^^^^^^^^^^^^^^^^^^^^^^^^^^^^^^^^^^^^^^^^^^^^^^^^^^^^^^^^^^^^^^^^^^^^^^^^^^^^^^^^^^
                 *args, **kwargs)
                 ^^^^^^^^^^^^^^^^
  File "/data/data/com.termux/files/usr/lib/python3.13/site-packages/telebot/__init__.py", line 1208, in polling
    logger.info('Starting your bot with username: [@%s]', self.user.username)
                                                          ^^^^^^^^^
  File "/data/data/com.termux/files/usr/lib/python3.13/site-packages/telebot/__init__.py", line 307, in user
    self._user = self.get_me()
                 ~~~~~~~~~~~^^
  File "/data/data/com.termux/files/usr/lib/python3.13/site-packages/telebot/__init__.py", line 1395, in get_me
    apihelper.get_me(self.token)
    ~~~~~~~~~~~~~~~~^^^^^^^^^^^^
  File "/data/data/com.termux/files/usr/lib/python3.13/site-packages/telebot/apihelper.py", line 204, in get_me
    return _make_request(token, method_url)
  File "/data/data/com.termux/files/usr/lib/python3.13/site-packages/telebot/apihelper.py", line 162, in _make_request
    result = _get_req_session().request(
        method, request_url, params=params, files=files,
        timeout=(connect_timeout, read_timeout), proxies=proxy)
  File "/data/data/com.termux/files/usr/lib/python3.13/site-packages/requests/sessions.py", line 592, in request
    resp = self.send(prep, **send_kwargs)
  File "/data/data/com.termux/files/usr/lib/python3.13/site-packages/requests/sessions.py", line 706, in send
    r = adapter.send(request, **kwargs)
  File "/data/data/com.termux/files/usr/lib/python3.13/site-packages/requests/adapters.py", line 645, in send
    resp = conn.urlopen(
        method=request.method,
    ...<9 lines>...
        chunked=chunked,
    )
  File "/data/data/com.termux/files/usr/lib/python3.13/site-packages/urllib3/connectionpool.py", line 787, in urlopen
    response = self._make_request(
        conn,
    ...<10 lines>...
        **response_kw,
    )
  File "/data/data/com.termux/files/usr/lib/python3.13/site-packages/urllib3/connectionpool.py", line 464, in _make_request
    self._validate_conn(conn)
    ~~~~~~~~~~~~~~~~~~~^^^^^^
  File "/data/data/com.termux/files/usr/lib/python3.13/site-packages/urllib3/connectionpool.py", line 1093, in _validate_conn
    conn.connect()
    ~~~~~~~~~~~~^^
  File "/data/data/com.termux/files/usr/lib/python3.13/site-packages/urllib3/connection.py", line 759, in connect
    self.sock = sock = self._new_conn()
                       ~~~~~~~~~~~~~~^^
  File "/data/data/com.termux/files/usr/lib/python3.13/site-packages/urllib3/connection.py", line 204, in _new_conn
    sock = connection.create_connection(
        (self._dns_host, self.port),
    ...<2 lines>...
        socket_options=self.socket_options,
    )
  File "/data/data/com.termux/files/usr/lib/python3.13/site-packages/urllib3/util/connection.py", line 73, in create_connection
    sock.connect(sa)
    ~~~~~~~~~~~~^^^^
KeyboardInterrupt

[WATCHDOG] Auto restart at 2026-06-12 16:35:01.615865

[HOST] Auto install checking...
[HOST] Auto install done.

[HOST] Starting fuck.py at 2026-06-12 16:35:02.003795
2026-06-12 16:40:01,462 (__init__.py:1134 MainThread) ERROR - TeleBot: "Infinity polling: polling exited"
2026-06-12 16:40:01,470 (__init__.py:1136 MainThread) ERROR - TeleBot: "Break infinity polling"
╔══════════════════════════════════════╗
║   🔥 🔥 𝙎𝗛𝗔𝗗𝗢𝗪 𝗕𝗢𝗧𝗦𝙋𝙍𝙀𝙈𝙄𝙐𝙈 𝙀𝙈𝙊𝙅𝙄 🔥 FIXED  ║
║   Developer : @BOT_CLONER           ║
║   Placeholder: 🌟 (UTF-16 len=2)       ║
║   Status    : RUNNING ✅            ║
╚══════════════════════════════════════╝

[WATCHDOG] Auto restart at 2026-06-12 16:43:22.685310

[HOST] Auto install checking...
[HOST] Auto install done.

[HOST] Starting fuck.py at 2026-06-12 16:43:23.128300
2026-06-12 16:44:49,314 (__init__.py:1134 MainThread) ERROR - TeleBot: "Infinity polling: polling exited"
2026-06-12 16:44:49,330 (__init__.py:1136 MainThread) ERROR - TeleBot: "Break infinity polling"
╔══════════════════════════════════════╗
║   🔥 🔥 𝙎𝗛𝗔𝗗𝗢𝗪 𝗕𝗢𝗧𝗦𝙋𝙍𝙀𝙈𝙄𝙐𝙈 𝙀𝙈𝙊𝙅𝙄 🔥 FIXED  ║
║   Developer : @BOT_CLONER           ║
║   Placeholder: 🌟 (UTF-16 len=2)       ║
║   Status    : RUNNING ✅            ║
╚══════════════════════════════════════╝

[WATCHDOG] Auto restart at 2026-06-12 16:58:26.412364

[HOST] Auto install checking...
[HOST] Auto install done.

[HOST] Starting fuck.py at 2026-06-12 16:58:26.807200
2026-06-12 16:59:29,163 (__init__.py:1128 MainThread) ERROR - TeleBot: "Infinity polling exception: ('Connection aborted.', ConnectionAbortedError(103, 'Software caused connection abort'))"
2026-06-12 16:59:29,207 (__init__.py:1130 MainThread) ERROR - TeleBot: "Exception traceback:
Traceback (most recent call last):
  File "/data/data/com.termux/files/usr/lib/python3.13/site-packages/urllib3/connectionpool.py", line 787, in urlopen
    response = self._make_request(
        conn,
    ...<10 lines>...
        **response_kw,
    )
  File "/data/data/com.termux/files/usr/lib/python3.13/site-packages/urllib3/connectionpool.py", line 534, in _make_request
    response = conn.getresponse()
  File "/data/data/com.termux/files/usr/lib/python3.13/site-packages/urllib3/connection.py", line 571, in getresponse
    httplib_response = super().getresponse()
  File "/data/data/com.termux/files/usr/lib/python3.13/http/client.py", line 1450, in getresponse
    response.begin()
    ~~~~~~~~~~~~~~^^
  File "/data/data/com.termux/files/usr/lib/python3.13/http/client.py", line 336, in begin
    version, status, reason = self._read_status()
                              ~~~~~~~~~~~~~~~~~^^
  File "/data/data/com.termux/files/usr/lib/python3.13/http/client.py", line 297, in _read_status
    line = str(self.fp.readline(_MAXLINE + 1), "iso-8859-1")
               ~~~~~~~~~~~~~~~~^^^^^^^^^^^^^^
  File "/data/data/com.termux/files/usr/lib/python3.13/socket.py", line 719, in readinto
    return self._sock.recv_into(b)
           ~~~~~~~~~~~~~~~~~~~~^^^
  File "/data/data/com.termux/files/usr/lib/python3.13/ssl.py", line 1304, in recv_into
    return self.read(nbytes, buffer)
           ~~~~~~~~~^^^^^^^^^^^^^^^^
  File "/data/data/com.termux/files/usr/lib/python3.13/ssl.py", line 1138, in read
    return self._sslobj.read(len, buffer)
           ~~~~~~~~~~~~~~~~~^^^^^^^^^^^^^
ConnectionAbortedError: [Errno 103] Software caused connection abort

During handling of the above exception, another exception occurred:

Traceback (most recent call last):
  File "/data/data/com.termux/files/usr/lib/python3.13/site-packages/requests/adapters.py", line 645, in send
    resp = conn.urlopen(
        method=request.method,
    ...<9 lines>...
        chunked=chunked,
    )
  File "/data/data/com.termux/files/usr/lib/python3.13/site-packages/urllib3/connectionpool.py", line 841, in urlopen
    retries = retries.increment(
        method, url, error=new_e, _pool=self, _stacktrace=sys.exc_info()[2]
    )
  File "/data/data/com.termux/files/usr/lib/python3.13/site-packages/urllib3/util/retry.py", line 490, in increment
    raise reraise(type(error), error, _stacktrace)
          ~~~~~~~^^^^^^^^^^^^^^^^^^^^^^^^^^^^^^^^^
  File "/data/data/com.termux/files/usr/lib/python3.13/site-packages/urllib3/util/util.py", line 38, in reraise
    raise value.with_traceback(tb)
  File "/data/data/com.termux/files/usr/lib/python3.13/site-packages/urllib3/connectionpool.py", line 787, in urlopen
    response = self._make_request(
        conn,
    ...<10 lines>...
        **response_kw,
    )
  File "/data/data/com.termux/files/usr/lib/python3.13/site-packages/urllib3/connectionpool.py", line 534, in _make_request
    response = conn.getresponse()
  File "/data/data/com.termux/files/usr/lib/python3.13/site-packages/urllib3/connection.py", line 571, in getresponse
    httplib_response = super().getresponse()
  File "/data/data/com.termux/files/usr/lib/python3.13/http/client.py", line 1450, in getresponse
    response.begin()
    ~~~~~~~~~~~~~~^^
  File "/data/data/com.termux/files/usr/lib/python3.13/http/client.py", line 336, in begin
    version, status, reason = self._read_status()
                              ~~~~~~~~~~~~~~~~~^^
  File "/data/data/com.termux/files/usr/lib/python3.13/http/client.py", line 297, in _read_status
    line = str(self.fp.readline(_MAXLINE + 1), "iso-8859-1")
               ~~~~~~~~~~~~~~~~^^^^^^^^^^^^^^
  File "/data/data/com.termux/files/usr/lib/python3.13/socket.py", line 719, in readinto
    return self._sock.recv_into(b)
           ~~~~~~~~~~~~~~~~~~~~^^^
  File "/data/data/com.termux/files/usr/lib/python3.13/ssl.py", line 1304, in recv_into
    return self.read(nbytes, buffer)
           ~~~~~~~~~^^^^^^^^^^^^^^^^
  File "/data/data/com.termux/files/usr/lib/python3.13/ssl.py", line 1138, in read
    return self._sslobj.read(len, buffer)
           ~~~~~~~~~~~~~~~~~^^^^^^^^^^^^^
urllib3.exceptions.ProtocolError: ('Connection aborted.', ConnectionAbortedError(103, 'Software caused connection abort'))

During handling of the above exception, another exception occurred:

Traceback (most recent call last):
  File "/data/data/com.termux/files/usr/lib/python3.13/site-packages/telebot/__init__.py", line 1123, in infinity_polling
    self.polling(non_stop=True, timeout=timeout, long_polling_timeout=long_polling_timeout,
    ~~~~~~~~~~~~^^^^^^^^^^^^^^^^^^^^^^^^^^^^^^^^^^^^^^^^^^^^^^^^^^^^^^^^^^^^^^^^^^^^^^^^^^^
                 logger_level=logger_level, allowed_updates=allowed_updates, restart_on_change=False,
                 ^^^^^^^^^^^^^^^^^^^^^^^^^^^^^^^^^^^^^^^^^^^^^^^^^^^^^^^^^^^^^^^^^^^^^^^^^^^^^^^^^^^^
                 *args, **kwargs)
                 ^^^^^^^^^^^^^^^^
  File "/data/data/com.termux/files/usr/lib/python3.13/site-packages/telebot/__init__.py", line 1211, in polling
    self.__threaded_polling(non_stop=non_stop, interval=interval, timeout=timeout, long_polling_timeout=long_polling_timeout,
    ~~~~~~~~~~~~~~~~~~~~~~~^^^^^^^^^^^^^^^^^^^^^^^^^^^^^^^^^^^^^^^^^^^^^^^^^^^^^^^^^^^^^^^^^^^^^^^^^^^^^^^^^^^^^^^^^^^^^^^^^^
                            logger_level=logger_level, allowed_updates=allowed_updates)
                            ^^^^^^^^^^^^^^^^^^^^^^^^^^^^^^^^^^^^^^^^^^^^^^^^^^^^^^^^^^^
  File "/data/data/com.termux/files/usr/lib/python3.13/site-packages/telebot/__init__.py", line 1286, in __threaded_polling
    raise e
  File "/data/data/com.termux/files/usr/lib/python3.13/site-packages/telebot/__init__.py", line 1247, in __threaded_polling
    polling_thread.raise_exceptions()
    ~~~~~~~~~~~~~~~~~~~~~~~~~~~~~~~^^
  File "/data/data/com.termux/files/usr/lib/python3.13/site-packages/telebot/util.py", line 116, in raise_exceptions
    raise self.exception_info
  File "/data/data/com.termux/files/usr/lib/python3.13/site-packages/telebot/util.py", line 98, in run
    task(*args, **kwargs)
    ~~~~^^^^^^^^^^^^^^^^^
  File "/data/data/com.termux/files/usr/lib/python3.13/site-packages/telebot/__init__.py", line 689, in __retrieve_updates
    updates = self.get_updates(offset=(self.last_update_id + 1),
                               allowed_updates=allowed_updates,
                               timeout=timeout, long_polling_timeout=long_polling_timeout)
  File "/data/data/com.termux/files/usr/lib/python3.13/site-packages/telebot/__init__.py", line 661, in get_updates
    json_updates = apihelper.get_updates(
        self.token, offset=offset, limit=limit, timeout=timeout, allowed_updates=allowed_updates,
        long_polling_timeout=long_polling_timeout)
  File "/data/data/com.termux/files/usr/lib/python3.13/site-packages/telebot/apihelper.py", line 339, in get_updates
    return _make_request(token, method_url, params=payload)
  File "/data/data/com.termux/files/usr/lib/python3.13/site-packages/telebot/apihelper.py", line 162, in _make_request
    result = _get_req_session().request(
        method, request_url, params=params, files=files,
        timeout=(connect_timeout, read_timeout), proxies=proxy)
  File "/data/data/com.termux/files/usr/lib/python3.13/site-packages/requests/sessions.py", line 592, in request
    resp = self.send(prep, **send_kwargs)
  File "/data/data/com.termux/files/usr/lib/python3.13/site-packages/requests/sessions.py", line 706, in send
    r = adapter.send(request, **kwargs)
  File "/data/data/com.termux/files/usr/lib/python3.13/site-packages/requests/adapters.py", line 660, in send
    raise ConnectionError(err, request=request)
requests.exceptions.ConnectionError: ('Connection aborted.', ConnectionAbortedError(103, 'Software caused connection abort'))
"
2026-06-12 17:00:27,808 (__init__.py:1134 MainThread) ERROR - TeleBot: "Infinity polling: polling exited"
2026-06-12 17:00:27,816 (__init__.py:1136 MainThread) ERROR - TeleBot: "Break infinity polling"
╔══════════════════════════════════════╗
║   🔥 🔥 𝙎𝗛𝗔𝗗𝗢𝗪 𝗕𝗢𝗧𝗦𝙋𝙍𝙀𝙈𝙄𝙐𝙈 𝙀𝙈𝙊𝙅𝙄 🔥 FIXED  ║
║   Developer : @BOT_CLONER           ║
║   Placeholder: 🌟 (UTF-16 len=2)       ║
║   Status    : RUNNING ✅            ║
╚══════════════════════════════════════╝
