
[WATCHDOG] Auto restart at 2026-06-12 12:05:23.197446

[HOST] Auto install checking...
[HOST] Auto install done.

[HOST] Starting auraff.py at 2026-06-12 12:05:26.494570
2026-06-12 12:05:30,832 - __main__ - INFO - 🤖 SYSTEM OPERATIONAL - Fixed v8.1 Engine Live.
2026-06-12 12:05:33,257 - httpx - INFO - HTTP Request: POST https://api.telegram.org/bot8108100182:AAGm_41rsUinN1UQEfV1psXpcpCWdaiwhy8/getMe "HTTP/1.1 401 Unauthorized"
2026-06-12 12:05:33,262 - telegram.ext - ERROR - Network Retry Loop (Bootstrap Initialize Application): Invalid token. Aborting retry loop.
Traceback (most recent call last):
  File "/data/data/com.termux/files/usr/lib/python3.13/site-packages/telegram/_bot.py", line 857, in initialize
    await self.get_me()
  File "/data/data/com.termux/files/usr/lib/python3.13/site-packages/telegram/ext/_extbot.py", line 2008, in get_me
    return await super().get_me(
           ^^^^^^^^^^^^^^^^^^^^^
    ...<5 lines>...
    )
    ^
  File "/data/data/com.termux/files/usr/lib/python3.13/site-packages/telegram/_bot.py", line 990, in get_me
    result = await self._post(
             ^^^^^^^^^^^^^^^^^
    ...<6 lines>...
    )
    ^
  File "/data/data/com.termux/files/usr/lib/python3.13/site-packages/telegram/_bot.py", line 704, in _post
    return await self._do_post(
           ^^^^^^^^^^^^^^^^^^^^
    ...<6 lines>...
    )
    ^
  File "/data/data/com.termux/files/usr/lib/python3.13/site-packages/telegram/ext/_extbot.py", line 370, in _do_post
    return await super()._do_post(
           ^^^^^^^^^^^^^^^^^^^^^^^
    ...<6 lines>...
    )
    ^
  File "/data/data/com.termux/files/usr/lib/python3.13/site-packages/telegram/_bot.py", line 733, in _do_post
    result = await request.post(
             ^^^^^^^^^^^^^^^^^^^
    ...<6 lines>...
    )
    ^
  File "/data/data/com.termux/files/usr/lib/python3.13/site-packages/telegram/request/_baserequest.py", line 198, in post
    result = await self._request_wrapper(
             ^^^^^^^^^^^^^^^^^^^^^^^^^^^^
    ...<7 lines>...
    )
    ^
  File "/data/data/com.termux/files/usr/lib/python3.13/site-packages/telegram/request/_baserequest.py", line 375, in _request_wrapper
    raise exception
telegram.error.InvalidToken: Unauthorized

The above exception was the direct cause of the following exception:

Traceback (most recent call last):
  File "/data/data/com.termux/files/usr/lib/python3.13/site-packages/telegram/ext/_utils/networkloop.py", line 161, in network_retry_loop
    await do_action()
  File "/data/data/com.termux/files/usr/lib/python3.13/site-packages/telegram/ext/_utils/networkloop.py", line 136, in do_action
    await action_cb()
  File "/data/data/com.termux/files/usr/lib/python3.13/site-packages/telegram/ext/_application.py", line 489, in initialize
    await self.bot.initialize()
  File "/data/data/com.termux/files/usr/lib/python3.13/site-packages/telegram/ext/_extbot.py", line 316, in initialize
    await super().initialize()
  File "/data/data/com.termux/files/usr/lib/python3.13/site-packages/telegram/_bot.py", line 860, in initialize
    raise InvalidToken(f"The token `{self._token}` was rejected by the server.") from exc
telegram.error.InvalidToken: The token `8108100182:AAGm_41rsUinN1UQEfV1psXpcpCWdaiwhy8` was rejected by the server.
Traceback (most recent call last):
  File "/data/data/com.termux/files/usr/lib/python3.13/site-packages/telegram/_bot.py", line 857, in initialize
    await self.get_me()
  File "/data/data/com.termux/files/usr/lib/python3.13/site-packages/telegram/ext/_extbot.py", line 2008, in get_me
    return await super().get_me(
           ^^^^^^^^^^^^^^^^^^^^^
    ...<5 lines>...
    )
    ^
  File "/data/data/com.termux/files/usr/lib/python3.13/site-packages/telegram/_bot.py", line 990, in get_me
    result = await self._post(
             ^^^^^^^^^^^^^^^^^
    ...<6 lines>...
    )
    ^
  File "/data/data/com.termux/files/usr/lib/python3.13/site-packages/telegram/_bot.py", line 704, in _post
    return await self._do_post(
           ^^^^^^^^^^^^^^^^^^^^
    ...<6 lines>...
    )
    ^
  File "/data/data/com.termux/files/usr/lib/python3.13/site-packages/telegram/ext/_extbot.py", line 370, in _do_post
    return await super()._do_post(
           ^^^^^^^^^^^^^^^^^^^^^^^
    ...<6 lines>...
    )
    ^
  File "/data/data/com.termux/files/usr/lib/python3.13/site-packages/telegram/_bot.py", line 733, in _do_post
    result = await request.post(
             ^^^^^^^^^^^^^^^^^^^
    ...<6 lines>...
    )
    ^
  File "/data/data/com.termux/files/usr/lib/python3.13/site-packages/telegram/request/_baserequest.py", line 198, in post
    result = await self._request_wrapper(
             ^^^^^^^^^^^^^^^^^^^^^^^^^^^^
    ...<7 lines>...
    )
    ^
  File "/data/data/com.termux/files/usr/lib/python3.13/site-packages/telegram/request/_baserequest.py", line 375, in _request_wrapper
    raise exception
telegram.error.InvalidToken: Unauthorized

The above exception was the direct cause of the following exception:

Traceback (most recent call last):
  File "/data/data/com.termux/files/home/downloads/data/projects/Rohit/6d346dc7/auraff.py", line 755, in <module>
    main()
    ~~~~^^
  File "/data/data/com.termux/files/home/downloads/data/projects/Rohit/6d346dc7/auraff.py", line 752, in main
    app.run_polling(allowed_updates=Update.ALL_TYPES)
    ~~~~~~~~~~~~~~~^^^^^^^^^^^^^^^^^^^^^^^^^^^^^^^^^^
  File "/data/data/com.termux/files/usr/lib/python3.13/site-packages/telegram/ext/_application.py", line 839, in run_polling
    return self.__run(
           ~~~~~~~~~~^
        updater_coroutine=self.updater.start_polling(
        ^^^^^^^^^^^^^^^^^^^^^^^^^^^^^^^^^^^^^^^^^^^^^
    ...<9 lines>...
        close_loop=close_loop,
        ^^^^^^^^^^^^^^^^^^^^^^
    )
    ^
  File "/data/data/com.termux/files/usr/lib/python3.13/site-packages/telegram/ext/_application.py", line 1054, in __run
    loop.run_until_complete(self._bootstrap_initialize(max_retries=bootstrap_retries))
    ~~~~~~~~~~~~~~~~~~~~~~~^^^^^^^^^^^^^^^^^^^^^^^^^^^^^^^^^^^^^^^^^^^^^^^^^^^^^^^^^^^
  File "/data/data/com.termux/files/usr/lib/python3.13/asyncio/base_events.py", line 725, in run_until_complete
    return future.result()
           ~~~~~~~~~~~~~^^
  File "/data/data/com.termux/files/usr/lib/python3.13/site-packages/telegram/ext/_application.py", line 1014, in _bootstrap_initialize
    await network_retry_loop(
    ...<4 lines>...
    )
  File "/data/data/com.termux/files/usr/lib/python3.13/site-packages/telegram/ext/_utils/networkloop.py", line 161, in network_retry_loop
    await do_action()
  File "/data/data/com.termux/files/usr/lib/python3.13/site-packages/telegram/ext/_utils/networkloop.py", line 136, in do_action
    await action_cb()
  File "/data/data/com.termux/files/usr/lib/python3.13/site-packages/telegram/ext/_application.py", line 489, in initialize
    await self.bot.initialize()
  File "/data/data/com.termux/files/usr/lib/python3.13/site-packages/telegram/ext/_extbot.py", line 316, in initialize
    await super().initialize()
  File "/data/data/com.termux/files/usr/lib/python3.13/site-packages/telegram/_bot.py", line 860, in initialize
    raise InvalidToken(f"The token `{self._token}` was rejected by the server.") from exc
telegram.error.InvalidToken: The token `8108100182:AAGm_41rsUinN1UQEfV1psXpcpCWdaiwhy8` was rejected by the server.

[WATCHDOG] Auto restart at 2026-06-12 16:34:58.361991

[HOST] Auto install checking...
[HOST] Auto install done.

[HOST] Starting auraff.py at 2026-06-12 16:35:00.663691
2026-06-12 16:35:04,174 - __main__ - INFO - 🤖 SYSTEM OPERATIONAL - Fixed v8.1 Engine Live.
2026-06-12 16:35:06,397 - httpx - INFO - HTTP Request: POST https://api.telegram.org/bot8108100182:AAGm_41rsUinN1UQEfV1psXpcpCWdaiwhy8/getMe "HTTP/1.1 401 Unauthorized"
2026-06-12 16:35:06,402 - telegram.ext - ERROR - Network Retry Loop (Bootstrap Initialize Application): Invalid token. Aborting retry loop.
Traceback (most recent call last):
  File "/data/data/com.termux/files/usr/lib/python3.13/site-packages/telegram/_bot.py", line 857, in initialize
    await self.get_me()
  File "/data/data/com.termux/files/usr/lib/python3.13/site-packages/telegram/ext/_extbot.py", line 2008, in get_me
    return await super().get_me(
           ^^^^^^^^^^^^^^^^^^^^^
    ...<5 lines>...
    )
    ^
  File "/data/data/com.termux/files/usr/lib/python3.13/site-packages/telegram/_bot.py", line 990, in get_me
    result = await self._post(
             ^^^^^^^^^^^^^^^^^
    ...<6 lines>...
    )
    ^
  File "/data/data/com.termux/files/usr/lib/python3.13/site-packages/telegram/_bot.py", line 704, in _post
    return await self._do_post(
           ^^^^^^^^^^^^^^^^^^^^
    ...<6 lines>...
    )
    ^
  File "/data/data/com.termux/files/usr/lib/python3.13/site-packages/telegram/ext/_extbot.py", line 370, in _do_post
    return await super()._do_post(
           ^^^^^^^^^^^^^^^^^^^^^^^
    ...<6 lines>...
    )
    ^
  File "/data/data/com.termux/files/usr/lib/python3.13/site-packages/telegram/_bot.py", line 733, in _do_post
    result = await request.post(
             ^^^^^^^^^^^^^^^^^^^
    ...<6 lines>...
    )
    ^
  File "/data/data/com.termux/files/usr/lib/python3.13/site-packages/telegram/request/_baserequest.py", line 198, in post
    result = await self._request_wrapper(
             ^^^^^^^^^^^^^^^^^^^^^^^^^^^^
    ...<7 lines>...
    )
    ^
  File "/data/data/com.termux/files/usr/lib/python3.13/site-packages/telegram/request/_baserequest.py", line 375, in _request_wrapper
    raise exception
telegram.error.InvalidToken: Unauthorized

The above exception was the direct cause of the following exception:

Traceback (most recent call last):
  File "/data/data/com.termux/files/usr/lib/python3.13/site-packages/telegram/ext/_utils/networkloop.py", line 161, in network_retry_loop
    await do_action()
  File "/data/data/com.termux/files/usr/lib/python3.13/site-packages/telegram/ext/_utils/networkloop.py", line 136, in do_action
    await action_cb()
  File "/data/data/com.termux/files/usr/lib/python3.13/site-packages/telegram/ext/_application.py", line 489, in initialize
    await self.bot.initialize()
  File "/data/data/com.termux/files/usr/lib/python3.13/site-packages/telegram/ext/_extbot.py", line 316, in initialize
    await super().initialize()
  File "/data/data/com.termux/files/usr/lib/python3.13/site-packages/telegram/_bot.py", line 860, in initialize
    raise InvalidToken(f"The token `{self._token}` was rejected by the server.") from exc
telegram.error.InvalidToken: The token `8108100182:AAGm_41rsUinN1UQEfV1psXpcpCWdaiwhy8` was rejected by the server.
Traceback (most recent call last):
  File "/data/data/com.termux/files/usr/lib/python3.13/site-packages/telegram/_bot.py", line 857, in initialize
    await self.get_me()
  File "/data/data/com.termux/files/usr/lib/python3.13/site-packages/telegram/ext/_extbot.py", line 2008, in get_me
    return await super().get_me(
           ^^^^^^^^^^^^^^^^^^^^^
    ...<5 lines>...
    )
    ^
  File "/data/data/com.termux/files/usr/lib/python3.13/site-packages/telegram/_bot.py", line 990, in get_me
    result = await self._post(
             ^^^^^^^^^^^^^^^^^
    ...<6 lines>...
    )
    ^
  File "/data/data/com.termux/files/usr/lib/python3.13/site-packages/telegram/_bot.py", line 704, in _post
    return await self._do_post(
           ^^^^^^^^^^^^^^^^^^^^
    ...<6 lines>...
    )
    ^
  File "/data/data/com.termux/files/usr/lib/python3.13/site-packages/telegram/ext/_extbot.py", line 370, in _do_post
    return await super()._do_post(
           ^^^^^^^^^^^^^^^^^^^^^^^
    ...<6 lines>...
    )
    ^
  File "/data/data/com.termux/files/usr/lib/python3.13/site-packages/telegram/_bot.py", line 733, in _do_post
    result = await request.post(
             ^^^^^^^^^^^^^^^^^^^
    ...<6 lines>...
    )
    ^
  File "/data/data/com.termux/files/usr/lib/python3.13/site-packages/telegram/request/_baserequest.py", line 198, in post
    result = await self._request_wrapper(
             ^^^^^^^^^^^^^^^^^^^^^^^^^^^^
    ...<7 lines>...
    )
    ^
  File "/data/data/com.termux/files/usr/lib/python3.13/site-packages/telegram/request/_baserequest.py", line 375, in _request_wrapper
    raise exception
telegram.error.InvalidToken: Unauthorized

The above exception was the direct cause of the following exception:

Traceback (most recent call last):
  File "/data/data/com.termux/files/home/downloads/data/projects/Rohit/6d346dc7/auraff.py", line 755, in <module>
    main()
    ~~~~^^
  File "/data/data/com.termux/files/home/downloads/data/projects/Rohit/6d346dc7/auraff.py", line 752, in main
    app.run_polling(allowed_updates=Update.ALL_TYPES)
    ~~~~~~~~~~~~~~~^^^^^^^^^^^^^^^^^^^^^^^^^^^^^^^^^^
  File "/data/data/com.termux/files/usr/lib/python3.13/site-packages/telegram/ext/_application.py", line 839, in run_polling
    return self.__run(
           ~~~~~~~~~~^
        updater_coroutine=self.updater.start_polling(
        ^^^^^^^^^^^^^^^^^^^^^^^^^^^^^^^^^^^^^^^^^^^^^
    ...<9 lines>...
        close_loop=close_loop,
        ^^^^^^^^^^^^^^^^^^^^^^
    )
    ^
  File "/data/data/com.termux/files/usr/lib/python3.13/site-packages/telegram/ext/_application.py", line 1054, in __run
    loop.run_until_complete(self._bootstrap_initialize(max_retries=bootstrap_retries))
    ~~~~~~~~~~~~~~~~~~~~~~~^^^^^^^^^^^^^^^^^^^^^^^^^^^^^^^^^^^^^^^^^^^^^^^^^^^^^^^^^^^
  File "/data/data/com.termux/files/usr/lib/python3.13/asyncio/base_events.py", line 725, in run_until_complete
    return future.result()
           ~~~~~~~~~~~~~^^
  File "/data/data/com.termux/files/usr/lib/python3.13/site-packages/telegram/ext/_application.py", line 1014, in _bootstrap_initialize
    await network_retry_loop(
    ...<4 lines>...
    )
  File "/data/data/com.termux/files/usr/lib/python3.13/site-packages/telegram/ext/_utils/networkloop.py", line 161, in network_retry_loop
    await do_action()
  File "/data/data/com.termux/files/usr/lib/python3.13/site-packages/telegram/ext/_utils/networkloop.py", line 136, in do_action
    await action_cb()
  File "/data/data/com.termux/files/usr/lib/python3.13/site-packages/telegram/ext/_application.py", line 489, in initialize
    await self.bot.initialize()
  File "/data/data/com.termux/files/usr/lib/python3.13/site-packages/telegram/ext/_extbot.py", line 316, in initialize
    await super().initialize()
  File "/data/data/com.termux/files/usr/lib/python3.13/site-packages/telegram/_bot.py", line 860, in initialize
    raise InvalidToken(f"The token `{self._token}` was rejected by the server.") from exc
telegram.error.InvalidToken: The token `8108100182:AAGm_41rsUinN1UQEfV1psXpcpCWdaiwhy8` was rejected by the server.

[WATCHDOG] Auto restart at 2026-06-12 16:35:59.721836

[HOST] Auto install checking...
[HOST] Auto install done.

[HOST] Starting auraff.py at 2026-06-12 16:35:59.918911
2026-06-12 16:36:03,041 - __main__ - INFO - 🤖 SYSTEM OPERATIONAL - Fixed v8.1 Engine Live.
2026-06-12 16:36:04,174 - httpx - INFO - HTTP Request: POST https://api.telegram.org/bot8108100182:AAGm_41rsUinN1UQEfV1psXpcpCWdaiwhy8/getMe "HTTP/1.1 401 Unauthorized"
2026-06-12 16:36:04,179 - telegram.ext - ERROR - Network Retry Loop (Bootstrap Initialize Application): Invalid token. Aborting retry loop.
Traceback (most recent call last):
  File "/data/data/com.termux/files/usr/lib/python3.13/site-packages/telegram/_bot.py", line 857, in initialize
    await self.get_me()
  File "/data/data/com.termux/files/usr/lib/python3.13/site-packages/telegram/ext/_extbot.py", line 2008, in get_me
    return await super().get_me(
           ^^^^^^^^^^^^^^^^^^^^^
    ...<5 lines>...
    )
    ^
  File "/data/data/com.termux/files/usr/lib/python3.13/site-packages/telegram/_bot.py", line 990, in get_me
    result = await self._post(
             ^^^^^^^^^^^^^^^^^
    ...<6 lines>...
    )
    ^
  File "/data/data/com.termux/files/usr/lib/python3.13/site-packages/telegram/_bot.py", line 704, in _post
    return await self._do_post(
           ^^^^^^^^^^^^^^^^^^^^
    ...<6 lines>...
    )
    ^
  File "/data/data/com.termux/files/usr/lib/python3.13/site-packages/telegram/ext/_extbot.py", line 370, in _do_post
    return await super()._do_post(
           ^^^^^^^^^^^^^^^^^^^^^^^
    ...<6 lines>...
    )
    ^
  File "/data/data/com.termux/files/usr/lib/python3.13/site-packages/telegram/_bot.py", line 733, in _do_post
    result = await request.post(
             ^^^^^^^^^^^^^^^^^^^
    ...<6 lines>...
    )
    ^
  File "/data/data/com.termux/files/usr/lib/python3.13/site-packages/telegram/request/_baserequest.py", line 198, in post
    result = await self._request_wrapper(
             ^^^^^^^^^^^^^^^^^^^^^^^^^^^^
    ...<7 lines>...
    )
    ^
  File "/data/data/com.termux/files/usr/lib/python3.13/site-packages/telegram/request/_baserequest.py", line 375, in _request_wrapper
    raise exception
telegram.error.InvalidToken: Unauthorized

The above exception was the direct cause of the following exception:

Traceback (most recent call last):
  File "/data/data/com.termux/files/usr/lib/python3.13/site-packages/telegram/ext/_utils/networkloop.py", line 161, in network_retry_loop
    await do_action()
  File "/data/data/com.termux/files/usr/lib/python3.13/site-packages/telegram/ext/_utils/networkloop.py", line 136, in do_action
    await action_cb()
  File "/data/data/com.termux/files/usr/lib/python3.13/site-packages/telegram/ext/_application.py", line 489, in initialize
    await self.bot.initialize()
  File "/data/data/com.termux/files/usr/lib/python3.13/site-packages/telegram/ext/_extbot.py", line 316, in initialize
    await super().initialize()
  File "/data/data/com.termux/files/usr/lib/python3.13/site-packages/telegram/_bot.py", line 860, in initialize
    raise InvalidToken(f"The token `{self._token}` was rejected by the server.") from exc
telegram.error.InvalidToken: The token `8108100182:AAGm_41rsUinN1UQEfV1psXpcpCWdaiwhy8` was rejected by the server.
Traceback (most recent call last):
  File "/data/data/com.termux/files/usr/lib/python3.13/site-packages/telegram/_bot.py", line 857, in initialize
    await self.get_me()
  File "/data/data/com.termux/files/usr/lib/python3.13/site-packages/telegram/ext/_extbot.py", line 2008, in get_me
    return await super().get_me(
           ^^^^^^^^^^^^^^^^^^^^^
    ...<5 lines>...
    )
    ^
  File "/data/data/com.termux/files/usr/lib/python3.13/site-packages/telegram/_bot.py", line 990, in get_me
    result = await self._post(
             ^^^^^^^^^^^^^^^^^
    ...<6 lines>...
    )
    ^
  File "/data/data/com.termux/files/usr/lib/python3.13/site-packages/telegram/_bot.py", line 704, in _post
    return await self._do_post(
           ^^^^^^^^^^^^^^^^^^^^
    ...<6 lines>...
    )
    ^
  File "/data/data/com.termux/files/usr/lib/python3.13/site-packages/telegram/ext/_extbot.py", line 370, in _do_post
    return await super()._do_post(
           ^^^^^^^^^^^^^^^^^^^^^^^
    ...<6 lines>...
    )
    ^
  File "/data/data/com.termux/files/usr/lib/python3.13/site-packages/telegram/_bot.py", line 733, in _do_post
    result = await request.post(
             ^^^^^^^^^^^^^^^^^^^
    ...<6 lines>...
    )
    ^
  File "/data/data/com.termux/files/usr/lib/python3.13/site-packages/telegram/request/_baserequest.py", line 198, in post
    result = await self._request_wrapper(
             ^^^^^^^^^^^^^^^^^^^^^^^^^^^^
    ...<7 lines>...
    )
    ^
  File "/data/data/com.termux/files/usr/lib/python3.13/site-packages/telegram/request/_baserequest.py", line 375, in _request_wrapper
    raise exception
telegram.error.InvalidToken: Unauthorized

The above exception was the direct cause of the following exception:

Traceback (most recent call last):
  File "/data/data/com.termux/files/home/downloads/data/projects/Rohit/6d346dc7/auraff.py", line 755, in <module>
    main()
    ~~~~^^
  File "/data/data/com.termux/files/home/downloads/data/projects/Rohit/6d346dc7/auraff.py", line 752, in main
    app.run_polling(allowed_updates=Update.ALL_TYPES)
    ~~~~~~~~~~~~~~~^^^^^^^^^^^^^^^^^^^^^^^^^^^^^^^^^^
  File "/data/data/com.termux/files/usr/lib/python3.13/site-packages/telegram/ext/_application.py", line 839, in run_polling
    return self.__run(
           ~~~~~~~~~~^
        updater_coroutine=self.updater.start_polling(
        ^^^^^^^^^^^^^^^^^^^^^^^^^^^^^^^^^^^^^^^^^^^^^
    ...<9 lines>...
        close_loop=close_loop,
        ^^^^^^^^^^^^^^^^^^^^^^
    )
    ^
  File "/data/data/com.termux/files/usr/lib/python3.13/site-packages/telegram/ext/_application.py", line 1054, in __run
    loop.run_until_complete(self._bootstrap_initialize(max_retries=bootstrap_retries))
    ~~~~~~~~~~~~~~~~~~~~~~~^^^^^^^^^^^^^^^^^^^^^^^^^^^^^^^^^^^^^^^^^^^^^^^^^^^^^^^^^^^
  File "/data/data/com.termux/files/usr/lib/python3.13/asyncio/base_events.py", line 725, in run_until_complete
    return future.result()
           ~~~~~~~~~~~~~^^
  File "/data/data/com.termux/files/usr/lib/python3.13/site-packages/telegram/ext/_application.py", line 1014, in _bootstrap_initialize
    await network_retry_loop(
    ...<4 lines>...
    )
  File "/data/data/com.termux/files/usr/lib/python3.13/site-packages/telegram/ext/_utils/networkloop.py", line 161, in network_retry_loop
    await do_action()
  File "/data/data/com.termux/files/usr/lib/python3.13/site-packages/telegram/ext/_utils/networkloop.py", line 136, in do_action
    await action_cb()
  File "/data/data/com.termux/files/usr/lib/python3.13/site-packages/telegram/ext/_application.py", line 489, in initialize
    await self.bot.initialize()
  File "/data/data/com.termux/files/usr/lib/python3.13/site-packages/telegram/ext/_extbot.py", line 316, in initialize
    await super().initialize()
  File "/data/data/com.termux/files/usr/lib/python3.13/site-packages/telegram/_bot.py", line 860, in initialize
    raise InvalidToken(f"The token `{self._token}` was rejected by the server.") from exc
telegram.error.InvalidToken: The token `8108100182:AAGm_41rsUinN1UQEfV1psXpcpCWdaiwhy8` was rejected by the server.

[WATCHDOG] Auto restart at 2026-06-12 16:36:39.623132

[HOST] Auto install checking...
[HOST] Auto install done.

[HOST] Starting auraff.py at 2026-06-12 16:36:39.859926
2026-06-12 16:36:42,917 - __main__ - INFO - 🤖 SYSTEM OPERATIONAL - Fixed v8.1 Engine Live.
2026-06-12 16:36:44,005 - httpx - INFO - HTTP Request: POST https://api.telegram.org/bot8108100182:AAGm_41rsUinN1UQEfV1psXpcpCWdaiwhy8/getMe "HTTP/1.1 401 Unauthorized"
2026-06-12 16:36:44,009 - telegram.ext - ERROR - Network Retry Loop (Bootstrap Initialize Application): Invalid token. Aborting retry loop.
Traceback (most recent call last):
  File "/data/data/com.termux/files/usr/lib/python3.13/site-packages/telegram/_bot.py", line 857, in initialize
    await self.get_me()
  File "/data/data/com.termux/files/usr/lib/python3.13/site-packages/telegram/ext/_extbot.py", line 2008, in get_me
    return await super().get_me(
           ^^^^^^^^^^^^^^^^^^^^^
    ...<5 lines>...
    )
    ^
  File "/data/data/com.termux/files/usr/lib/python3.13/site-packages/telegram/_bot.py", line 990, in get_me
    result = await self._post(
             ^^^^^^^^^^^^^^^^^
    ...<6 lines>...
    )
    ^
  File "/data/data/com.termux/files/usr/lib/python3.13/site-packages/telegram/_bot.py", line 704, in _post
    return await self._do_post(
           ^^^^^^^^^^^^^^^^^^^^
    ...<6 lines>...
    )
    ^
  File "/data/data/com.termux/files/usr/lib/python3.13/site-packages/telegram/ext/_extbot.py", line 370, in _do_post
    return await super()._do_post(
           ^^^^^^^^^^^^^^^^^^^^^^^
    ...<6 lines>...
    )
    ^
  File "/data/data/com.termux/files/usr/lib/python3.13/site-packages/telegram/_bot.py", line 733, in _do_post
    result = await request.post(
             ^^^^^^^^^^^^^^^^^^^
    ...<6 lines>...
    )
    ^
  File "/data/data/com.termux/files/usr/lib/python3.13/site-packages/telegram/request/_baserequest.py", line 198, in post
    result = await self._request_wrapper(
             ^^^^^^^^^^^^^^^^^^^^^^^^^^^^
    ...<7 lines>...
    )
    ^
  File "/data/data/com.termux/files/usr/lib/python3.13/site-packages/telegram/request/_baserequest.py", line 375, in _request_wrapper
    raise exception
telegram.error.InvalidToken: Unauthorized

The above exception was the direct cause of the following exception:

Traceback (most recent call last):
  File "/data/data/com.termux/files/usr/lib/python3.13/site-packages/telegram/ext/_utils/networkloop.py", line 161, in network_retry_loop
    await do_action()
  File "/data/data/com.termux/files/usr/lib/python3.13/site-packages/telegram/ext/_utils/networkloop.py", line 136, in do_action
    await action_cb()
  File "/data/data/com.termux/files/usr/lib/python3.13/site-packages/telegram/ext/_application.py", line 489, in initialize
    await self.bot.initialize()
  File "/data/data/com.termux/files/usr/lib/python3.13/site-packages/telegram/ext/_extbot.py", line 316, in initialize
    await super().initialize()
  File "/data/data/com.termux/files/usr/lib/python3.13/site-packages/telegram/_bot.py", line 860, in initialize
    raise InvalidToken(f"The token `{self._token}` was rejected by the server.") from exc
telegram.error.InvalidToken: The token `8108100182:AAGm_41rsUinN1UQEfV1psXpcpCWdaiwhy8` was rejected by the server.
Traceback (most recent call last):
  File "/data/data/com.termux/files/usr/lib/python3.13/site-packages/telegram/_bot.py", line 857, in initialize
    await self.get_me()
  File "/data/data/com.termux/files/usr/lib/python3.13/site-packages/telegram/ext/_extbot.py", line 2008, in get_me
    return await super().get_me(
           ^^^^^^^^^^^^^^^^^^^^^
    ...<5 lines>...
    )
    ^
  File "/data/data/com.termux/files/usr/lib/python3.13/site-packages/telegram/_bot.py", line 990, in get_me
    result = await self._post(
             ^^^^^^^^^^^^^^^^^
    ...<6 lines>...
    )
    ^
  File "/data/data/com.termux/files/usr/lib/python3.13/site-packages/telegram/_bot.py", line 704, in _post
    return await self._do_post(
           ^^^^^^^^^^^^^^^^^^^^
    ...<6 lines>...
    )
    ^
  File "/data/data/com.termux/files/usr/lib/python3.13/site-packages/telegram/ext/_extbot.py", line 370, in _do_post
    return await super()._do_post(
           ^^^^^^^^^^^^^^^^^^^^^^^
    ...<6 lines>...
    )
    ^
  File "/data/data/com.termux/files/usr/lib/python3.13/site-packages/telegram/_bot.py", line 733, in _do_post
    result = await request.post(
             ^^^^^^^^^^^^^^^^^^^
    ...<6 lines>...
    )
    ^
  File "/data/data/com.termux/files/usr/lib/python3.13/site-packages/telegram/request/_baserequest.py", line 198, in post
    result = await self._request_wrapper(
             ^^^^^^^^^^^^^^^^^^^^^^^^^^^^
    ...<7 lines>...
    )
    ^
  File "/data/data/com.termux/files/usr/lib/python3.13/site-packages/telegram/request/_baserequest.py", line 375, in _request_wrapper
    raise exception
telegram.error.InvalidToken: Unauthorized

The above exception was the direct cause of the following exception:

Traceback (most recent call last):
  File "/data/data/com.termux/files/home/downloads/data/projects/Rohit/6d346dc7/auraff.py", line 755, in <module>
    main()
    ~~~~^^
  File "/data/data/com.termux/files/home/downloads/data/projects/Rohit/6d346dc7/auraff.py", line 752, in main
    app.run_polling(allowed_updates=Update.ALL_TYPES)
    ~~~~~~~~~~~~~~~^^^^^^^^^^^^^^^^^^^^^^^^^^^^^^^^^^
  File "/data/data/com.termux/files/usr/lib/python3.13/site-packages/telegram/ext/_application.py", line 839, in run_polling
    return self.__run(
           ~~~~~~~~~~^
        updater_coroutine=self.updater.start_polling(
        ^^^^^^^^^^^^^^^^^^^^^^^^^^^^^^^^^^^^^^^^^^^^^
    ...<9 lines>...
        close_loop=close_loop,
        ^^^^^^^^^^^^^^^^^^^^^^
    )
    ^
  File "/data/data/com.termux/files/usr/lib/python3.13/site-packages/telegram/ext/_application.py", line 1054, in __run
    loop.run_until_complete(self._bootstrap_initialize(max_retries=bootstrap_retries))
    ~~~~~~~~~~~~~~~~~~~~~~~^^^^^^^^^^^^^^^^^^^^^^^^^^^^^^^^^^^^^^^^^^^^^^^^^^^^^^^^^^^
  File "/data/data/com.termux/files/usr/lib/python3.13/asyncio/base_events.py", line 725, in run_until_complete
    return future.result()
           ~~~~~~~~~~~~~^^
  File "/data/data/com.termux/files/usr/lib/python3.13/site-packages/telegram/ext/_application.py", line 1014, in _bootstrap_initialize
    await network_retry_loop(
    ...<4 lines>...
    )
  File "/data/data/com.termux/files/usr/lib/python3.13/site-packages/telegram/ext/_utils/networkloop.py", line 161, in network_retry_loop
    await do_action()
  File "/data/data/com.termux/files/usr/lib/python3.13/site-packages/telegram/ext/_utils/networkloop.py", line 136, in do_action
    await action_cb()
  File "/data/data/com.termux/files/usr/lib/python3.13/site-packages/telegram/ext/_application.py", line 489, in initialize
    await self.bot.initialize()
  File "/data/data/com.termux/files/usr/lib/python3.13/site-packages/telegram/ext/_extbot.py", line 316, in initialize
    await super().initialize()
  File "/data/data/com.termux/files/usr/lib/python3.13/site-packages/telegram/_bot.py", line 860, in initialize
    raise InvalidToken(f"The token `{self._token}` was rejected by the server.") from exc
telegram.error.InvalidToken: The token `8108100182:AAGm_41rsUinN1UQEfV1psXpcpCWdaiwhy8` was rejected by the server.

[WATCHDOG] Auto restart at 2026-06-12 16:37:18.500886

[HOST] Auto install checking...
[HOST] Auto install done.

[HOST] Starting auraff.py at 2026-06-12 16:37:18.696593
2026-06-12 16:37:21,899 - __main__ - INFO - 🤖 SYSTEM OPERATIONAL - Fixed v8.1 Engine Live.
2026-06-12 16:37:22,725 - httpx - INFO - HTTP Request: POST https://api.telegram.org/bot8108100182:AAGm_41rsUinN1UQEfV1psXpcpCWdaiwhy8/getMe "HTTP/1.1 401 Unauthorized"
2026-06-12 16:37:22,730 - telegram.ext - ERROR - Network Retry Loop (Bootstrap Initialize Application): Invalid token. Aborting retry loop.
Traceback (most recent call last):
  File "/data/data/com.termux/files/usr/lib/python3.13/site-packages/telegram/_bot.py", line 857, in initialize
    await self.get_me()
  File "/data/data/com.termux/files/usr/lib/python3.13/site-packages/telegram/ext/_extbot.py", line 2008, in get_me
    return await super().get_me(
           ^^^^^^^^^^^^^^^^^^^^^
    ...<5 lines>...
    )
    ^
  File "/data/data/com.termux/files/usr/lib/python3.13/site-packages/telegram/_bot.py", line 990, in get_me
    result = await self._post(
             ^^^^^^^^^^^^^^^^^
    ...<6 lines>...
    )
    ^
  File "/data/data/com.termux/files/usr/lib/python3.13/site-packages/telegram/_bot.py", line 704, in _post
    return await self._do_post(
           ^^^^^^^^^^^^^^^^^^^^
    ...<6 lines>...
    )
    ^
  File "/data/data/com.termux/files/usr/lib/python3.13/site-packages/telegram/ext/_extbot.py", line 370, in _do_post
    return await super()._do_post(
           ^^^^^^^^^^^^^^^^^^^^^^^
    ...<6 lines>...
    )
    ^
  File "/data/data/com.termux/files/usr/lib/python3.13/site-packages/telegram/_bot.py", line 733, in _do_post
    result = await request.post(
             ^^^^^^^^^^^^^^^^^^^
    ...<6 lines>...
    )
    ^
  File "/data/data/com.termux/files/usr/lib/python3.13/site-packages/telegram/request/_baserequest.py", line 198, in post
    result = await self._request_wrapper(
             ^^^^^^^^^^^^^^^^^^^^^^^^^^^^
    ...<7 lines>...
    )
    ^
  File "/data/data/com.termux/files/usr/lib/python3.13/site-packages/telegram/request/_baserequest.py", line 375, in _request_wrapper
    raise exception
telegram.error.InvalidToken: Unauthorized

The above exception was the direct cause of the following exception:

Traceback (most recent call last):
  File "/data/data/com.termux/files/usr/lib/python3.13/site-packages/telegram/ext/_utils/networkloop.py", line 161, in network_retry_loop
    await do_action()
  File "/data/data/com.termux/files/usr/lib/python3.13/site-packages/telegram/ext/_utils/networkloop.py", line 136, in do_action
    await action_cb()
  File "/data/data/com.termux/files/usr/lib/python3.13/site-packages/telegram/ext/_application.py", line 489, in initialize
    await self.bot.initialize()
  File "/data/data/com.termux/files/usr/lib/python3.13/site-packages/telegram/ext/_extbot.py", line 316, in initialize
    await super().initialize()
  File "/data/data/com.termux/files/usr/lib/python3.13/site-packages/telegram/_bot.py", line 860, in initialize
    raise InvalidToken(f"The token `{self._token}` was rejected by the server.") from exc
telegram.error.InvalidToken: The token `8108100182:AAGm_41rsUinN1UQEfV1psXpcpCWdaiwhy8` was rejected by the server.
Traceback (most recent call last):
  File "/data/data/com.termux/files/usr/lib/python3.13/site-packages/telegram/_bot.py", line 857, in initialize
    await self.get_me()
  File "/data/data/com.termux/files/usr/lib/python3.13/site-packages/telegram/ext/_extbot.py", line 2008, in get_me
    return await super().get_me(
           ^^^^^^^^^^^^^^^^^^^^^
    ...<5 lines>...
    )
    ^
  File "/data/data/com.termux/files/usr/lib/python3.13/site-packages/telegram/_bot.py", line 990, in get_me
    result = await self._post(
             ^^^^^^^^^^^^^^^^^
    ...<6 lines>...
    )
    ^
  File "/data/data/com.termux/files/usr/lib/python3.13/site-packages/telegram/_bot.py", line 704, in _post
    return await self._do_post(
           ^^^^^^^^^^^^^^^^^^^^
    ...<6 lines>...
    )
    ^
  File "/data/data/com.termux/files/usr/lib/python3.13/site-packages/telegram/ext/_extbot.py", line 370, in _do_post
    return await super()._do_post(
           ^^^^^^^^^^^^^^^^^^^^^^^
    ...<6 lines>...
    )
    ^
  File "/data/data/com.termux/files/usr/lib/python3.13/site-packages/telegram/_bot.py", line 733, in _do_post
    result = await request.post(
             ^^^^^^^^^^^^^^^^^^^
    ...<6 lines>...
    )
    ^
  File "/data/data/com.termux/files/usr/lib/python3.13/site-packages/telegram/request/_baserequest.py", line 198, in post
    result = await self._request_wrapper(
             ^^^^^^^^^^^^^^^^^^^^^^^^^^^^
    ...<7 lines>...
    )
    ^
  File "/data/data/com.termux/files/usr/lib/python3.13/site-packages/telegram/request/_baserequest.py", line 375, in _request_wrapper
    raise exception
telegram.error.InvalidToken: Unauthorized

The above exception was the direct cause of the following exception:

Traceback (most recent call last):
  File "/data/data/com.termux/files/home/downloads/data/projects/Rohit/6d346dc7/auraff.py", line 755, in <module>
    main()
    ~~~~^^
  File "/data/data/com.termux/files/home/downloads/data/projects/Rohit/6d346dc7/auraff.py", line 752, in main
    app.run_polling(allowed_updates=Update.ALL_TYPES)
    ~~~~~~~~~~~~~~~^^^^^^^^^^^^^^^^^^^^^^^^^^^^^^^^^^
  File "/data/data/com.termux/files/usr/lib/python3.13/site-packages/telegram/ext/_application.py", line 839, in run_polling
    return self.__run(
           ~~~~~~~~~~^
        updater_coroutine=self.updater.start_polling(
        ^^^^^^^^^^^^^^^^^^^^^^^^^^^^^^^^^^^^^^^^^^^^^
    ...<9 lines>...
        close_loop=close_loop,
        ^^^^^^^^^^^^^^^^^^^^^^
    )
    ^
  File "/data/data/com.termux/files/usr/lib/python3.13/site-packages/telegram/ext/_application.py", line 1054, in __run
    loop.run_until_complete(self._bootstrap_initialize(max_retries=bootstrap_retries))
    ~~~~~~~~~~~~~~~~~~~~~~~^^^^^^^^^^^^^^^^^^^^^^^^^^^^^^^^^^^^^^^^^^^^^^^^^^^^^^^^^^^
  File "/data/data/com.termux/files/usr/lib/python3.13/asyncio/base_events.py", line 725, in run_until_complete
    return future.result()
           ~~~~~~~~~~~~~^^
  File "/data/data/com.termux/files/usr/lib/python3.13/site-packages/telegram/ext/_application.py", line 1014, in _bootstrap_initialize
    await network_retry_loop(
    ...<4 lines>...
    )
  File "/data/data/com.termux/files/usr/lib/python3.13/site-packages/telegram/ext/_utils/networkloop.py", line 161, in network_retry_loop
    await do_action()
  File "/data/data/com.termux/files/usr/lib/python3.13/site-packages/telegram/ext/_utils/networkloop.py", line 136, in do_action
    await action_cb()
  File "/data/data/com.termux/files/usr/lib/python3.13/site-packages/telegram/ext/_application.py", line 489, in initialize
    await self.bot.initialize()
  File "/data/data/com.termux/files/usr/lib/python3.13/site-packages/telegram/ext/_extbot.py", line 316, in initialize
    await super().initialize()
  File "/data/data/com.termux/files/usr/lib/python3.13/site-packages/telegram/_bot.py", line 860, in initialize
    raise InvalidToken(f"The token `{self._token}` was rejected by the server.") from exc
telegram.error.InvalidToken: The token `8108100182:AAGm_41rsUinN1UQEfV1psXpcpCWdaiwhy8` was rejected by the server.

[WATCHDOG] Auto restart at 2026-06-12 16:37:59.250529

[HOST] Auto install checking...
[HOST] Auto install done.

[HOST] Starting auraff.py at 2026-06-12 16:37:59.506314
2026-06-12 16:38:07,717 - __main__ - INFO - 🤖 SYSTEM OPERATIONAL - Fixed v8.1 Engine Live.
2026-06-12 16:38:08,686 - httpx - INFO - HTTP Request: POST https://api.telegram.org/bot8108100182:AAGm_41rsUinN1UQEfV1psXpcpCWdaiwhy8/getMe "HTTP/1.1 401 Unauthorized"
2026-06-12 16:38:08,690 - telegram.ext - ERROR - Network Retry Loop (Bootstrap Initialize Application): Invalid token. Aborting retry loop.
Traceback (most recent call last):
  File "/data/data/com.termux/files/usr/lib/python3.13/site-packages/telegram/_bot.py", line 857, in initialize
    await self.get_me()
  File "/data/data/com.termux/files/usr/lib/python3.13/site-packages/telegram/ext/_extbot.py", line 2008, in get_me
    return await super().get_me(
           ^^^^^^^^^^^^^^^^^^^^^
    ...<5 lines>...
    )
    ^
  File "/data/data/com.termux/files/usr/lib/python3.13/site-packages/telegram/_bot.py", line 990, in get_me
    result = await self._post(
             ^^^^^^^^^^^^^^^^^
    ...<6 lines>...
    )
    ^
  File "/data/data/com.termux/files/usr/lib/python3.13/site-packages/telegram/_bot.py", line 704, in _post
    return await self._do_post(
           ^^^^^^^^^^^^^^^^^^^^
    ...<6 lines>...
    )
    ^
  File "/data/data/com.termux/files/usr/lib/python3.13/site-packages/telegram/ext/_extbot.py", line 370, in _do_post
    return await super()._do_post(
           ^^^^^^^^^^^^^^^^^^^^^^^
    ...<6 lines>...
    )
    ^
  File "/data/data/com.termux/files/usr/lib/python3.13/site-packages/telegram/_bot.py", line 733, in _do_post
    result = await request.post(
             ^^^^^^^^^^^^^^^^^^^
    ...<6 lines>...
    )
    ^
  File "/data/data/com.termux/files/usr/lib/python3.13/site-packages/telegram/request/_baserequest.py", line 198, in post
    result = await self._request_wrapper(
             ^^^^^^^^^^^^^^^^^^^^^^^^^^^^
    ...<7 lines>...
    )
    ^
  File "/data/data/com.termux/files/usr/lib/python3.13/site-packages/telegram/request/_baserequest.py", line 375, in _request_wrapper
    raise exception
telegram.error.InvalidToken: Unauthorized

The above exception was the direct cause of the following exception:

Traceback (most recent call last):
  File "/data/data/com.termux/files/usr/lib/python3.13/site-packages/telegram/ext/_utils/networkloop.py", line 161, in network_retry_loop
    await do_action()
  File "/data/data/com.termux/files/usr/lib/python3.13/site-packages/telegram/ext/_utils/networkloop.py", line 136, in do_action
    await action_cb()
  File "/data/data/com.termux/files/usr/lib/python3.13/site-packages/telegram/ext/_application.py", line 489, in initialize
    await self.bot.initialize()
  File "/data/data/com.termux/files/usr/lib/python3.13/site-packages/telegram/ext/_extbot.py", line 316, in initialize
    await super().initialize()
  File "/data/data/com.termux/files/usr/lib/python3.13/site-packages/telegram/_bot.py", line 860, in initialize
    raise InvalidToken(f"The token `{self._token}` was rejected by the server.") from exc
telegram.error.InvalidToken: The token `8108100182:AAGm_41rsUinN1UQEfV1psXpcpCWdaiwhy8` was rejected by the server.
Traceback (most recent call last):
  File "/data/data/com.termux/files/usr/lib/python3.13/site-packages/telegram/_bot.py", line 857, in initialize
    await self.get_me()
  File "/data/data/com.termux/files/usr/lib/python3.13/site-packages/telegram/ext/_extbot.py", line 2008, in get_me
    return await super().get_me(
           ^^^^^^^^^^^^^^^^^^^^^
    ...<5 lines>...
    )
    ^
  File "/data/data/com.termux/files/usr/lib/python3.13/site-packages/telegram/_bot.py", line 990, in get_me
    result = await self._post(
             ^^^^^^^^^^^^^^^^^
    ...<6 lines>...
    )
    ^
  File "/data/data/com.termux/files/usr/lib/python3.13/site-packages/telegram/_bot.py", line 704, in _post
    return await self._do_post(
           ^^^^^^^^^^^^^^^^^^^^
    ...<6 lines>...
    )
    ^
  File "/data/data/com.termux/files/usr/lib/python3.13/site-packages/telegram/ext/_extbot.py", line 370, in _do_post
    return await super()._do_post(
           ^^^^^^^^^^^^^^^^^^^^^^^
    ...<6 lines>...
    )
    ^
  File "/data/data/com.termux/files/usr/lib/python3.13/site-packages/telegram/_bot.py", line 733, in _do_post
    result = await request.post(
             ^^^^^^^^^^^^^^^^^^^
    ...<6 lines>...
    )
    ^
  File "/data/data/com.termux/files/usr/lib/python3.13/site-packages/telegram/request/_baserequest.py", line 198, in post
    result = await self._request_wrapper(
             ^^^^^^^^^^^^^^^^^^^^^^^^^^^^
    ...<7 lines>...
    )
    ^
  File "/data/data/com.termux/files/usr/lib/python3.13/site-packages/telegram/request/_baserequest.py", line 375, in _request_wrapper
    raise exception
telegram.error.InvalidToken: Unauthorized

The above exception was the direct cause of the following exception:

Traceback (most recent call last):
  File "/data/data/com.termux/files/home/downloads/data/projects/Rohit/6d346dc7/auraff.py", line 755, in <module>
    main()
    ~~~~^^
  File "/data/data/com.termux/files/home/downloads/data/projects/Rohit/6d346dc7/auraff.py", line 752, in main
    app.run_polling(allowed_updates=Update.ALL_TYPES)
    ~~~~~~~~~~~~~~~^^^^^^^^^^^^^^^^^^^^^^^^^^^^^^^^^^
  File "/data/data/com.termux/files/usr/lib/python3.13/site-packages/telegram/ext/_application.py", line 839, in run_polling
    return self.__run(
           ~~~~~~~~~~^
        updater_coroutine=self.updater.start_polling(
        ^^^^^^^^^^^^^^^^^^^^^^^^^^^^^^^^^^^^^^^^^^^^^
    ...<9 lines>...
        close_loop=close_loop,
        ^^^^^^^^^^^^^^^^^^^^^^
    )
    ^
  File "/data/data/com.termux/files/usr/lib/python3.13/site-packages/telegram/ext/_application.py", line 1054, in __run
    loop.run_until_complete(self._bootstrap_initialize(max_retries=bootstrap_retries))
    ~~~~~~~~~~~~~~~~~~~~~~~^^^^^^^^^^^^^^^^^^^^^^^^^^^^^^^^^^^^^^^^^^^^^^^^^^^^^^^^^^^
  File "/data/data/com.termux/files/usr/lib/python3.13/asyncio/base_events.py", line 725, in run_until_complete
    return future.result()
           ~~~~~~~~~~~~~^^
  File "/data/data/com.termux/files/usr/lib/python3.13/site-packages/telegram/ext/_application.py", line 1014, in _bootstrap_initialize
    await network_retry_loop(
    ...<4 lines>...
    )
  File "/data/data/com.termux/files/usr/lib/python3.13/site-packages/telegram/ext/_utils/networkloop.py", line 161, in network_retry_loop
    await do_action()
  File "/data/data/com.termux/files/usr/lib/python3.13/site-packages/telegram/ext/_utils/networkloop.py", line 136, in do_action
    await action_cb()
  File "/data/data/com.termux/files/usr/lib/python3.13/site-packages/telegram/ext/_application.py", line 489, in initialize
    await self.bot.initialize()
  File "/data/data/com.termux/files/usr/lib/python3.13/site-packages/telegram/ext/_extbot.py", line 316, in initialize
    await super().initialize()
  File "/data/data/com.termux/files/usr/lib/python3.13/site-packages/telegram/_bot.py", line 860, in initialize
    raise InvalidToken(f"The token `{self._token}` was rejected by the server.") from exc
telegram.error.InvalidToken: The token `8108100182:AAGm_41rsUinN1UQEfV1psXpcpCWdaiwhy8` was rejected by the server.

[WATCHDOG] Auto restart at 2026-06-12 16:38:40.684481

[HOST] Auto install checking...
[HOST] Auto install done.

[HOST] Starting auraff.py at 2026-06-12 16:38:40.867760
2026-06-12 16:38:44,095 - __main__ - INFO - 🤖 SYSTEM OPERATIONAL - Fixed v8.1 Engine Live.
2026-06-12 16:38:45,324 - httpx - INFO - HTTP Request: POST https://api.telegram.org/bot8108100182:AAGm_41rsUinN1UQEfV1psXpcpCWdaiwhy8/getMe "HTTP/1.1 401 Unauthorized"
2026-06-12 16:38:45,328 - telegram.ext - ERROR - Network Retry Loop (Bootstrap Initialize Application): Invalid token. Aborting retry loop.
Traceback (most recent call last):
  File "/data/data/com.termux/files/usr/lib/python3.13/site-packages/telegram/_bot.py", line 857, in initialize
    await self.get_me()
  File "/data/data/com.termux/files/usr/lib/python3.13/site-packages/telegram/ext/_extbot.py", line 2008, in get_me
    return await super().get_me(
           ^^^^^^^^^^^^^^^^^^^^^
    ...<5 lines>...
    )
    ^
  File "/data/data/com.termux/files/usr/lib/python3.13/site-packages/telegram/_bot.py", line 990, in get_me
    result = await self._post(
             ^^^^^^^^^^^^^^^^^
    ...<6 lines>...
    )
    ^
  File "/data/data/com.termux/files/usr/lib/python3.13/site-packages/telegram/_bot.py", line 704, in _post
    return await self._do_post(
           ^^^^^^^^^^^^^^^^^^^^
    ...<6 lines>...
    )
    ^
  File "/data/data/com.termux/files/usr/lib/python3.13/site-packages/telegram/ext/_extbot.py", line 370, in _do_post
    return await super()._do_post(
           ^^^^^^^^^^^^^^^^^^^^^^^
    ...<6 lines>...
    )
    ^
  File "/data/data/com.termux/files/usr/lib/python3.13/site-packages/telegram/_bot.py", line 733, in _do_post
    result = await request.post(
             ^^^^^^^^^^^^^^^^^^^
    ...<6 lines>...
    )
    ^
  File "/data/data/com.termux/files/usr/lib/python3.13/site-packages/telegram/request/_baserequest.py", line 198, in post
    result = await self._request_wrapper(
             ^^^^^^^^^^^^^^^^^^^^^^^^^^^^
    ...<7 lines>...
    )
    ^
  File "/data/data/com.termux/files/usr/lib/python3.13/site-packages/telegram/request/_baserequest.py", line 375, in _request_wrapper
    raise exception
telegram.error.InvalidToken: Unauthorized

The above exception was the direct cause of the following exception:

Traceback (most recent call last):
  File "/data/data/com.termux/files/usr/lib/python3.13/site-packages/telegram/ext/_utils/networkloop.py", line 161, in network_retry_loop
    await do_action()
  File "/data/data/com.termux/files/usr/lib/python3.13/site-packages/telegram/ext/_utils/networkloop.py", line 136, in do_action
    await action_cb()
  File "/data/data/com.termux/files/usr/lib/python3.13/site-packages/telegram/ext/_application.py", line 489, in initialize
    await self.bot.initialize()
  File "/data/data/com.termux/files/usr/lib/python3.13/site-packages/telegram/ext/_extbot.py", line 316, in initialize
    await super().initialize()
  File "/data/data/com.termux/files/usr/lib/python3.13/site-packages/telegram/_bot.py", line 860, in initialize
    raise InvalidToken(f"The token `{self._token}` was rejected by the server.") from exc
telegram.error.InvalidToken: The token `8108100182:AAGm_41rsUinN1UQEfV1psXpcpCWdaiwhy8` was rejected by the server.
Traceback (most recent call last):
  File "/data/data/com.termux/files/usr/lib/python3.13/site-packages/telegram/_bot.py", line 857, in initialize
    await self.get_me()
  File "/data/data/com.termux/files/usr/lib/python3.13/site-packages/telegram/ext/_extbot.py", line 2008, in get_me
    return await super().get_me(
           ^^^^^^^^^^^^^^^^^^^^^
    ...<5 lines>...
    )
    ^
  File "/data/data/com.termux/files/usr/lib/python3.13/site-packages/telegram/_bot.py", line 990, in get_me
    result = await self._post(
             ^^^^^^^^^^^^^^^^^
    ...<6 lines>...
    )
    ^
  File "/data/data/com.termux/files/usr/lib/python3.13/site-packages/telegram/_bot.py", line 704, in _post
    return await self._do_post(
           ^^^^^^^^^^^^^^^^^^^^
    ...<6 lines>...
    )
    ^
  File "/data/data/com.termux/files/usr/lib/python3.13/site-packages/telegram/ext/_extbot.py", line 370, in _do_post
    return await super()._do_post(
           ^^^^^^^^^^^^^^^^^^^^^^^
    ...<6 lines>...
    )
    ^
  File "/data/data/com.termux/files/usr/lib/python3.13/site-packages/telegram/_bot.py", line 733, in _do_post
    result = await request.post(
             ^^^^^^^^^^^^^^^^^^^
    ...<6 lines>...
    )
    ^
  File "/data/data/com.termux/files/usr/lib/python3.13/site-packages/telegram/request/_baserequest.py", line 198, in post
    result = await self._request_wrapper(
             ^^^^^^^^^^^^^^^^^^^^^^^^^^^^
    ...<7 lines>...
    )
    ^
  File "/data/data/com.termux/files/usr/lib/python3.13/site-packages/telegram/request/_baserequest.py", line 375, in _request_wrapper
    raise exception
telegram.error.InvalidToken: Unauthorized

The above exception was the direct cause of the following exception:

Traceback (most recent call last):
  File "/data/data/com.termux/files/home/downloads/data/projects/Rohit/6d346dc7/auraff.py", line 755, in <module>
    main()
    ~~~~^^
  File "/data/data/com.termux/files/home/downloads/data/projects/Rohit/6d346dc7/auraff.py", line 752, in main
    app.run_polling(allowed_updates=Update.ALL_TYPES)
    ~~~~~~~~~~~~~~~^^^^^^^^^^^^^^^^^^^^^^^^^^^^^^^^^^
  File "/data/data/com.termux/files/usr/lib/python3.13/site-packages/telegram/ext/_application.py", line 839, in run_polling
    return self.__run(
           ~~~~~~~~~~^
        updater_coroutine=self.updater.start_polling(
        ^^^^^^^^^^^^^^^^^^^^^^^^^^^^^^^^^^^^^^^^^^^^^
    ...<9 lines>...
        close_loop=close_loop,
        ^^^^^^^^^^^^^^^^^^^^^^
    )
    ^
  File "/data/data/com.termux/files/usr/lib/python3.13/site-packages/telegram/ext/_application.py", line 1054, in __run
    loop.run_until_complete(self._bootstrap_initialize(max_retries=bootstrap_retries))
    ~~~~~~~~~~~~~~~~~~~~~~~^^^^^^^^^^^^^^^^^^^^^^^^^^^^^^^^^^^^^^^^^^^^^^^^^^^^^^^^^^^
  File "/data/data/com.termux/files/usr/lib/python3.13/asyncio/base_events.py", line 725, in run_until_complete
    return future.result()
           ~~~~~~~~~~~~~^^
  File "/data/data/com.termux/files/usr/lib/python3.13/site-packages/telegram/ext/_application.py", line 1014, in _bootstrap_initialize
    await network_retry_loop(
    ...<4 lines>...
    )
  File "/data/data/com.termux/files/usr/lib/python3.13/site-packages/telegram/ext/_utils/networkloop.py", line 161, in network_retry_loop
    await do_action()
  File "/data/data/com.termux/files/usr/lib/python3.13/site-packages/telegram/ext/_utils/networkloop.py", line 136, in do_action
    await action_cb()
  File "/data/data/com.termux/files/usr/lib/python3.13/site-packages/telegram/ext/_application.py", line 489, in initialize
    await self.bot.initialize()
  File "/data/data/com.termux/files/usr/lib/python3.13/site-packages/telegram/ext/_extbot.py", line 316, in initialize
    await super().initialize()
  File "/data/data/com.termux/files/usr/lib/python3.13/site-packages/telegram/_bot.py", line 860, in initialize
    raise InvalidToken(f"The token `{self._token}` was rejected by the server.") from exc
telegram.error.InvalidToken: The token `8108100182:AAGm_41rsUinN1UQEfV1psXpcpCWdaiwhy8` was rejected by the server.

[WATCHDOG] Auto restart at 2026-06-12 16:39:18.889543

[HOST] Auto install checking...
[HOST] Auto install done.

[HOST] Starting auraff.py at 2026-06-12 16:39:19.102019
2026-06-12 16:39:22,120 - __main__ - INFO - 🤖 SYSTEM OPERATIONAL - Fixed v8.1 Engine Live.
2026-06-12 16:39:23,848 - httpx - INFO - HTTP Request: POST https://api.telegram.org/bot8108100182:AAGm_41rsUinN1UQEfV1psXpcpCWdaiwhy8/getMe "HTTP/1.1 401 Unauthorized"
2026-06-12 16:39:23,854 - telegram.ext - ERROR - Network Retry Loop (Bootstrap Initialize Application): Invalid token. Aborting retry loop.
Traceback (most recent call last):
  File "/data/data/com.termux/files/usr/lib/python3.13/site-packages/telegram/_bot.py", line 857, in initialize
    await self.get_me()
  File "/data/data/com.termux/files/usr/lib/python3.13/site-packages/telegram/ext/_extbot.py", line 2008, in get_me
    return await super().get_me(
           ^^^^^^^^^^^^^^^^^^^^^
    ...<5 lines>...
    )
    ^
  File "/data/data/com.termux/files/usr/lib/python3.13/site-packages/telegram/_bot.py", line 990, in get_me
    result = await self._post(
             ^^^^^^^^^^^^^^^^^
    ...<6 lines>...
    )
    ^
  File "/data/data/com.termux/files/usr/lib/python3.13/site-packages/telegram/_bot.py", line 704, in _post
    return await self._do_post(
           ^^^^^^^^^^^^^^^^^^^^
    ...<6 lines>...
    )
    ^
  File "/data/data/com.termux/files/usr/lib/python3.13/site-packages/telegram/ext/_extbot.py", line 370, in _do_post
    return await super()._do_post(
           ^^^^^^^^^^^^^^^^^^^^^^^
    ...<6 lines>...
    )
    ^
  File "/data/data/com.termux/files/usr/lib/python3.13/site-packages/telegram/_bot.py", line 733, in _do_post
    result = await request.post(
             ^^^^^^^^^^^^^^^^^^^
    ...<6 lines>...
    )
    ^
  File "/data/data/com.termux/files/usr/lib/python3.13/site-packages/telegram/request/_baserequest.py", line 198, in post
    result = await self._request_wrapper(
             ^^^^^^^^^^^^^^^^^^^^^^^^^^^^
    ...<7 lines>...
    )
    ^
  File "/data/data/com.termux/files/usr/lib/python3.13/site-packages/telegram/request/_baserequest.py", line 375, in _request_wrapper
    raise exception
telegram.error.InvalidToken: Unauthorized

The above exception was the direct cause of the following exception:

Traceback (most recent call last):
  File "/data/data/com.termux/files/usr/lib/python3.13/site-packages/telegram/ext/_utils/networkloop.py", line 161, in network_retry_loop
    await do_action()
  File "/data/data/com.termux/files/usr/lib/python3.13/site-packages/telegram/ext/_utils/networkloop.py", line 136, in do_action
    await action_cb()
  File "/data/data/com.termux/files/usr/lib/python3.13/site-packages/telegram/ext/_application.py", line 489, in initialize
    await self.bot.initialize()
  File "/data/data/com.termux/files/usr/lib/python3.13/site-packages/telegram/ext/_extbot.py", line 316, in initialize
    await super().initialize()
  File "/data/data/com.termux/files/usr/lib/python3.13/site-packages/telegram/_bot.py", line 860, in initialize
    raise InvalidToken(f"The token `{self._token}` was rejected by the server.") from exc
telegram.error.InvalidToken: The token `8108100182:AAGm_41rsUinN1UQEfV1psXpcpCWdaiwhy8` was rejected by the server.
Traceback (most recent call last):
  File "/data/data/com.termux/files/usr/lib/python3.13/site-packages/telegram/_bot.py", line 857, in initialize
    await self.get_me()
  File "/data/data/com.termux/files/usr/lib/python3.13/site-packages/telegram/ext/_extbot.py", line 2008, in get_me
    return await super().get_me(
           ^^^^^^^^^^^^^^^^^^^^^
    ...<5 lines>...
    )
    ^
  File "/data/data/com.termux/files/usr/lib/python3.13/site-packages/telegram/_bot.py", line 990, in get_me
    result = await self._post(
             ^^^^^^^^^^^^^^^^^
    ...<6 lines>...
    )
    ^
  File "/data/data/com.termux/files/usr/lib/python3.13/site-packages/telegram/_bot.py", line 704, in _post
    return await self._do_post(
           ^^^^^^^^^^^^^^^^^^^^
    ...<6 lines>...
    )
    ^
  File "/data/data/com.termux/files/usr/lib/python3.13/site-packages/telegram/ext/_extbot.py", line 370, in _do_post
    return await super()._do_post(
           ^^^^^^^^^^^^^^^^^^^^^^^
    ...<6 lines>...
    )
    ^
  File "/data/data/com.termux/files/usr/lib/python3.13/site-packages/telegram/_bot.py", line 733, in _do_post
    result = await request.post(
             ^^^^^^^^^^^^^^^^^^^
    ...<6 lines>...
    )
    ^
  File "/data/data/com.termux/files/usr/lib/python3.13/site-packages/telegram/request/_baserequest.py", line 198, in post
    result = await self._request_wrapper(
             ^^^^^^^^^^^^^^^^^^^^^^^^^^^^
    ...<7 lines>...
    )
    ^
  File "/data/data/com.termux/files/usr/lib/python3.13/site-packages/telegram/request/_baserequest.py", line 375, in _request_wrapper
    raise exception
telegram.error.InvalidToken: Unauthorized

The above exception was the direct cause of the following exception:

Traceback (most recent call last):
  File "/data/data/com.termux/files/home/downloads/data/projects/Rohit/6d346dc7/auraff.py", line 755, in <module>
    main()
    ~~~~^^
  File "/data/data/com.termux/files/home/downloads/data/projects/Rohit/6d346dc7/auraff.py", line 752, in main
    app.run_polling(allowed_updates=Update.ALL_TYPES)
    ~~~~~~~~~~~~~~~^^^^^^^^^^^^^^^^^^^^^^^^^^^^^^^^^^
  File "/data/data/com.termux/files/usr/lib/python3.13/site-packages/telegram/ext/_application.py", line 839, in run_polling
    return self.__run(
           ~~~~~~~~~~^
        updater_coroutine=self.updater.start_polling(
        ^^^^^^^^^^^^^^^^^^^^^^^^^^^^^^^^^^^^^^^^^^^^^
    ...<9 lines>...
        close_loop=close_loop,
        ^^^^^^^^^^^^^^^^^^^^^^
    )
    ^
  File "/data/data/com.termux/files/usr/lib/python3.13/site-packages/telegram/ext/_application.py", line 1054, in __run
    loop.run_until_complete(self._bootstrap_initialize(max_retries=bootstrap_retries))
    ~~~~~~~~~~~~~~~~~~~~~~~^^^^^^^^^^^^^^^^^^^^^^^^^^^^^^^^^^^^^^^^^^^^^^^^^^^^^^^^^^^
  File "/data/data/com.termux/files/usr/lib/python3.13/asyncio/base_events.py", line 725, in run_until_complete
    return future.result()
           ~~~~~~~~~~~~~^^
  File "/data/data/com.termux/files/usr/lib/python3.13/site-packages/telegram/ext/_application.py", line 1014, in _bootstrap_initialize
    await network_retry_loop(
    ...<4 lines>...
    )
  File "/data/data/com.termux/files/usr/lib/python3.13/site-packages/telegram/ext/_utils/networkloop.py", line 161, in network_retry_loop
    await do_action()
  File "/data/data/com.termux/files/usr/lib/python3.13/site-packages/telegram/ext/_utils/networkloop.py", line 136, in do_action
    await action_cb()
  File "/data/data/com.termux/files/usr/lib/python3.13/site-packages/telegram/ext/_application.py", line 489, in initialize
    await self.bot.initialize()
  File "/data/data/com.termux/files/usr/lib/python3.13/site-packages/telegram/ext/_extbot.py", line 316, in initialize
    await super().initialize()
  File "/data/data/com.termux/files/usr/lib/python3.13/site-packages/telegram/_bot.py", line 860, in initialize
    raise InvalidToken(f"The token `{self._token}` was rejected by the server.") from exc
telegram.error.InvalidToken: The token `8108100182:AAGm_41rsUinN1UQEfV1psXpcpCWdaiwhy8` was rejected by the server.

[WATCHDOG] Auto restart at 2026-06-12 16:43:20.725083

[HOST] Auto install checking...
[HOST] Auto install done.

[HOST] Starting auraff.py at 2026-06-12 16:43:21.973870
2026-06-12 16:43:26,260 - __main__ - INFO - 🤖 SYSTEM OPERATIONAL - Fixed v8.1 Engine Live.
2026-06-12 16:43:26,943 - httpx - INFO - HTTP Request: POST https://api.telegram.org/bot8108100182:AAGm_41rsUinN1UQEfV1psXpcpCWdaiwhy8/getMe "HTTP/1.1 401 Unauthorized"
2026-06-12 16:43:26,948 - telegram.ext - ERROR - Network Retry Loop (Bootstrap Initialize Application): Invalid token. Aborting retry loop.
Traceback (most recent call last):
  File "/data/data/com.termux/files/usr/lib/python3.13/site-packages/telegram/_bot.py", line 857, in initialize
    await self.get_me()
  File "/data/data/com.termux/files/usr/lib/python3.13/site-packages/telegram/ext/_extbot.py", line 2008, in get_me
    return await super().get_me(
           ^^^^^^^^^^^^^^^^^^^^^
    ...<5 lines>...
    )
    ^
  File "/data/data/com.termux/files/usr/lib/python3.13/site-packages/telegram/_bot.py", line 990, in get_me
    result = await self._post(
             ^^^^^^^^^^^^^^^^^
    ...<6 lines>...
    )
    ^
  File "/data/data/com.termux/files/usr/lib/python3.13/site-packages/telegram/_bot.py", line 704, in _post
    return await self._do_post(
           ^^^^^^^^^^^^^^^^^^^^
    ...<6 lines>...
    )
    ^
  File "/data/data/com.termux/files/usr/lib/python3.13/site-packages/telegram/ext/_extbot.py", line 370, in _do_post
    return await super()._do_post(
           ^^^^^^^^^^^^^^^^^^^^^^^
    ...<6 lines>...
    )
    ^
  File "/data/data/com.termux/files/usr/lib/python3.13/site-packages/telegram/_bot.py", line 733, in _do_post
    result = await request.post(
             ^^^^^^^^^^^^^^^^^^^
    ...<6 lines>...
    )
    ^
  File "/data/data/com.termux/files/usr/lib/python3.13/site-packages/telegram/request/_baserequest.py", line 198, in post
    result = await self._request_wrapper(
             ^^^^^^^^^^^^^^^^^^^^^^^^^^^^
    ...<7 lines>...
    )
    ^
  File "/data/data/com.termux/files/usr/lib/python3.13/site-packages/telegram/request/_baserequest.py", line 375, in _request_wrapper
    raise exception
telegram.error.InvalidToken: Unauthorized

The above exception was the direct cause of the following exception:

Traceback (most recent call last):
  File "/data/data/com.termux/files/usr/lib/python3.13/site-packages/telegram/ext/_utils/networkloop.py", line 161, in network_retry_loop
    await do_action()
  File "/data/data/com.termux/files/usr/lib/python3.13/site-packages/telegram/ext/_utils/networkloop.py", line 136, in do_action
    await action_cb()
  File "/data/data/com.termux/files/usr/lib/python3.13/site-packages/telegram/ext/_application.py", line 489, in initialize
    await self.bot.initialize()
  File "/data/data/com.termux/files/usr/lib/python3.13/site-packages/telegram/ext/_extbot.py", line 316, in initialize
    await super().initialize()
  File "/data/data/com.termux/files/usr/lib/python3.13/site-packages/telegram/_bot.py", line 860, in initialize
    raise InvalidToken(f"The token `{self._token}` was rejected by the server.") from exc
telegram.error.InvalidToken: The token `8108100182:AAGm_41rsUinN1UQEfV1psXpcpCWdaiwhy8` was rejected by the server.
Traceback (most recent call last):
  File "/data/data/com.termux/files/usr/lib/python3.13/site-packages/telegram/_bot.py", line 857, in initialize
    await self.get_me()
  File "/data/data/com.termux/files/usr/lib/python3.13/site-packages/telegram/ext/_extbot.py", line 2008, in get_me
    return await super().get_me(
           ^^^^^^^^^^^^^^^^^^^^^
    ...<5 lines>...
    )
    ^
  File "/data/data/com.termux/files/usr/lib/python3.13/site-packages/telegram/_bot.py", line 990, in get_me
    result = await self._post(
             ^^^^^^^^^^^^^^^^^
    ...<6 lines>...
    )
    ^
  File "/data/data/com.termux/files/usr/lib/python3.13/site-packages/telegram/_bot.py", line 704, in _post
    return await self._do_post(
           ^^^^^^^^^^^^^^^^^^^^
    ...<6 lines>...
    )
    ^
  File "/data/data/com.termux/files/usr/lib/python3.13/site-packages/telegram/ext/_extbot.py", line 370, in _do_post
    return await super()._do_post(
           ^^^^^^^^^^^^^^^^^^^^^^^
    ...<6 lines>...
    )
    ^
  File "/data/data/com.termux/files/usr/lib/python3.13/site-packages/telegram/_bot.py", line 733, in _do_post
    result = await request.post(
             ^^^^^^^^^^^^^^^^^^^
    ...<6 lines>...
    )
    ^
  File "/data/data/com.termux/files/usr/lib/python3.13/site-packages/telegram/request/_baserequest.py", line 198, in post
    result = await self._request_wrapper(
             ^^^^^^^^^^^^^^^^^^^^^^^^^^^^
    ...<7 lines>...
    )
    ^
  File "/data/data/com.termux/files/usr/lib/python3.13/site-packages/telegram/request/_baserequest.py", line 375, in _request_wrapper
    raise exception
telegram.error.InvalidToken: Unauthorized

The above exception was the direct cause of the following exception:

Traceback (most recent call last):
  File "/data/data/com.termux/files/home/downloads/data/projects/Rohit/6d346dc7/auraff.py", line 755, in <module>
    main()
    ~~~~^^
  File "/data/data/com.termux/files/home/downloads/data/projects/Rohit/6d346dc7/auraff.py", line 752, in main
    app.run_polling(allowed_updates=Update.ALL_TYPES)
    ~~~~~~~~~~~~~~~^^^^^^^^^^^^^^^^^^^^^^^^^^^^^^^^^^
  File "/data/data/com.termux/files/usr/lib/python3.13/site-packages/telegram/ext/_application.py", line 839, in run_polling
    return self.__run(
           ~~~~~~~~~~^
        updater_coroutine=self.updater.start_polling(
        ^^^^^^^^^^^^^^^^^^^^^^^^^^^^^^^^^^^^^^^^^^^^^
    ...<9 lines>...
        close_loop=close_loop,
        ^^^^^^^^^^^^^^^^^^^^^^
    )
    ^
  File "/data/data/com.termux/files/usr/lib/python3.13/site-packages/telegram/ext/_application.py", line 1054, in __run
    loop.run_until_complete(self._bootstrap_initialize(max_retries=bootstrap_retries))
    ~~~~~~~~~~~~~~~~~~~~~~~^^^^^^^^^^^^^^^^^^^^^^^^^^^^^^^^^^^^^^^^^^^^^^^^^^^^^^^^^^^
  File "/data/data/com.termux/files/usr/lib/python3.13/asyncio/base_events.py", line 725, in run_until_complete
    return future.result()
           ~~~~~~~~~~~~~^^
  File "/data/data/com.termux/files/usr/lib/python3.13/site-packages/telegram/ext/_application.py", line 1014, in _bootstrap_initialize
    await network_retry_loop(
    ...<4 lines>...
    )
  File "/data/data/com.termux/files/usr/lib/python3.13/site-packages/telegram/ext/_utils/networkloop.py", line 161, in network_retry_loop
    await do_action()
  File "/data/data/com.termux/files/usr/lib/python3.13/site-packages/telegram/ext/_utils/networkloop.py", line 136, in do_action
    await action_cb()
  File "/data/data/com.termux/files/usr/lib/python3.13/site-packages/telegram/ext/_application.py", line 489, in initialize
    await self.bot.initialize()
  File "/data/data/com.termux/files/usr/lib/python3.13/site-packages/telegram/ext/_extbot.py", line 316, in initialize
    await super().initialize()
  File "/data/data/com.termux/files/usr/lib/python3.13/site-packages/telegram/_bot.py", line 860, in initialize
    raise InvalidToken(f"The token `{self._token}` was rejected by the server.") from exc
telegram.error.InvalidToken: The token `8108100182:AAGm_41rsUinN1UQEfV1psXpcpCWdaiwhy8` was rejected by the server.

[WATCHDOG] Auto restart at 2026-06-12 16:44:06.680146

[HOST] Auto install checking...
[HOST] Auto install done.

[HOST] Starting auraff.py at 2026-06-12 16:44:06.884301
2026-06-12 16:44:10,467 - __main__ - INFO - 🤖 SYSTEM OPERATIONAL - Fixed v8.1 Engine Live.
2026-06-12 16:44:11,438 - httpx - INFO - HTTP Request: POST https://api.telegram.org/bot8108100182:AAGm_41rsUinN1UQEfV1psXpcpCWdaiwhy8/getMe "HTTP/1.1 401 Unauthorized"
2026-06-12 16:44:11,442 - telegram.ext - ERROR - Network Retry Loop (Bootstrap Initialize Application): Invalid token. Aborting retry loop.
Traceback (most recent call last):
  File "/data/data/com.termux/files/usr/lib/python3.13/site-packages/telegram/_bot.py", line 857, in initialize
    await self.get_me()
  File "/data/data/com.termux/files/usr/lib/python3.13/site-packages/telegram/ext/_extbot.py", line 2008, in get_me
    return await super().get_me(
           ^^^^^^^^^^^^^^^^^^^^^
    ...<5 lines>...
    )
    ^
  File "/data/data/com.termux/files/usr/lib/python3.13/site-packages/telegram/_bot.py", line 990, in get_me
    result = await self._post(
             ^^^^^^^^^^^^^^^^^
    ...<6 lines>...
    )
    ^
  File "/data/data/com.termux/files/usr/lib/python3.13/site-packages/telegram/_bot.py", line 704, in _post
    return await self._do_post(
           ^^^^^^^^^^^^^^^^^^^^
    ...<6 lines>...
    )
    ^
  File "/data/data/com.termux/files/usr/lib/python3.13/site-packages/telegram/ext/_extbot.py", line 370, in _do_post
    return await super()._do_post(
           ^^^^^^^^^^^^^^^^^^^^^^^
    ...<6 lines>...
    )
    ^
  File "/data/data/com.termux/files/usr/lib/python3.13/site-packages/telegram/_bot.py", line 733, in _do_post
    result = await request.post(
             ^^^^^^^^^^^^^^^^^^^
    ...<6 lines>...
    )
    ^
  File "/data/data/com.termux/files/usr/lib/python3.13/site-packages/telegram/request/_baserequest.py", line 198, in post
    result = await self._request_wrapper(
             ^^^^^^^^^^^^^^^^^^^^^^^^^^^^
    ...<7 lines>...
    )
    ^
  File "/data/data/com.termux/files/usr/lib/python3.13/site-packages/telegram/request/_baserequest.py", line 375, in _request_wrapper
    raise exception
telegram.error.InvalidToken: Unauthorized

The above exception was the direct cause of the following exception:

Traceback (most recent call last):
  File "/data/data/com.termux/files/usr/lib/python3.13/site-packages/telegram/ext/_utils/networkloop.py", line 161, in network_retry_loop
    await do_action()
  File "/data/data/com.termux/files/usr/lib/python3.13/site-packages/telegram/ext/_utils/networkloop.py", line 136, in do_action
    await action_cb()
  File "/data/data/com.termux/files/usr/lib/python3.13/site-packages/telegram/ext/_application.py", line 489, in initialize
    await self.bot.initialize()
  File "/data/data/com.termux/files/usr/lib/python3.13/site-packages/telegram/ext/_extbot.py", line 316, in initialize
    await super().initialize()
  File "/data/data/com.termux/files/usr/lib/python3.13/site-packages/telegram/_bot.py", line 860, in initialize
    raise InvalidToken(f"The token `{self._token}` was rejected by the server.") from exc
telegram.error.InvalidToken: The token `8108100182:AAGm_41rsUinN1UQEfV1psXpcpCWdaiwhy8` was rejected by the server.
Traceback (most recent call last):
  File "/data/data/com.termux/files/usr/lib/python3.13/site-packages/telegram/_bot.py", line 857, in initialize
    await self.get_me()
  File "/data/data/com.termux/files/usr/lib/python3.13/site-packages/telegram/ext/_extbot.py", line 2008, in get_me
    return await super().get_me(
           ^^^^^^^^^^^^^^^^^^^^^
    ...<5 lines>...
    )
    ^
  File "/data/data/com.termux/files/usr/lib/python3.13/site-packages/telegram/_bot.py", line 990, in get_me
    result = await self._post(
             ^^^^^^^^^^^^^^^^^
    ...<6 lines>...
    )
    ^
  File "/data/data/com.termux/files/usr/lib/python3.13/site-packages/telegram/_bot.py", line 704, in _post
    return await self._do_post(
           ^^^^^^^^^^^^^^^^^^^^
    ...<6 lines>...
    )
    ^
  File "/data/data/com.termux/files/usr/lib/python3.13/site-packages/telegram/ext/_extbot.py", line 370, in _do_post
    return await super()._do_post(
           ^^^^^^^^^^^^^^^^^^^^^^^
    ...<6 lines>...
    )
    ^
  File "/data/data/com.termux/files/usr/lib/python3.13/site-packages/telegram/_bot.py", line 733, in _do_post
    result = await request.post(
             ^^^^^^^^^^^^^^^^^^^
    ...<6 lines>...
    )
    ^
  File "/data/data/com.termux/files/usr/lib/python3.13/site-packages/telegram/request/_baserequest.py", line 198, in post
    result = await self._request_wrapper(
             ^^^^^^^^^^^^^^^^^^^^^^^^^^^^
    ...<7 lines>...
    )
    ^
  File "/data/data/com.termux/files/usr/lib/python3.13/site-packages/telegram/request/_baserequest.py", line 375, in _request_wrapper
    raise exception
telegram.error.InvalidToken: Unauthorized

The above exception was the direct cause of the following exception:

Traceback (most recent call last):
  File "/data/data/com.termux/files/home/downloads/data/projects/Rohit/6d346dc7/auraff.py", line 755, in <module>
    main()
    ~~~~^^
  File "/data/data/com.termux/files/home/downloads/data/projects/Rohit/6d346dc7/auraff.py", line 752, in main
    app.run_polling(allowed_updates=Update.ALL_TYPES)
    ~~~~~~~~~~~~~~~^^^^^^^^^^^^^^^^^^^^^^^^^^^^^^^^^^
  File "/data/data/com.termux/files/usr/lib/python3.13/site-packages/telegram/ext/_application.py", line 839, in run_polling
    return self.__run(
           ~~~~~~~~~~^
        updater_coroutine=self.updater.start_polling(
        ^^^^^^^^^^^^^^^^^^^^^^^^^^^^^^^^^^^^^^^^^^^^^
    ...<9 lines>...
        close_loop=close_loop,
        ^^^^^^^^^^^^^^^^^^^^^^
    )
    ^
  File "/data/data/com.termux/files/usr/lib/python3.13/site-packages/telegram/ext/_application.py", line 1054, in __run
    loop.run_until_complete(self._bootstrap_initialize(max_retries=bootstrap_retries))
    ~~~~~~~~~~~~~~~~~~~~~~~^^^^^^^^^^^^^^^^^^^^^^^^^^^^^^^^^^^^^^^^^^^^^^^^^^^^^^^^^^^
  File "/data/data/com.termux/files/usr/lib/python3.13/asyncio/base_events.py", line 725, in run_until_complete
    return future.result()
           ~~~~~~~~~~~~~^^
  File "/data/data/com.termux/files/usr/lib/python3.13/site-packages/telegram/ext/_application.py", line 1014, in _bootstrap_initialize
    await network_retry_loop(
    ...<4 lines>...
    )
  File "/data/data/com.termux/files/usr/lib/python3.13/site-packages/telegram/ext/_utils/networkloop.py", line 161, in network_retry_loop
    await do_action()
  File "/data/data/com.termux/files/usr/lib/python3.13/site-packages/telegram/ext/_utils/networkloop.py", line 136, in do_action
    await action_cb()
  File "/data/data/com.termux/files/usr/lib/python3.13/site-packages/telegram/ext/_application.py", line 489, in initialize
    await self.bot.initialize()
  File "/data/data/com.termux/files/usr/lib/python3.13/site-packages/telegram/ext/_extbot.py", line 316, in initialize
    await super().initialize()
  File "/data/data/com.termux/files/usr/lib/python3.13/site-packages/telegram/_bot.py", line 860, in initialize
    raise InvalidToken(f"The token `{self._token}` was rejected by the server.") from exc
telegram.error.InvalidToken: The token `8108100182:AAGm_41rsUinN1UQEfV1psXpcpCWdaiwhy8` was rejected by the server.

[WATCHDOG] Auto restart at 2026-06-12 16:44:45.914401

[HOST] Auto install checking...
[HOST] Auto install done.

[HOST] Starting auraff.py at 2026-06-12 16:44:46.099068
Traceback (most recent call last):
  File "/data/data/com.termux/files/home/downloads/data/projects/Rohit/6d346dc7/auraff.py", line 755, in <module>
    main()
    ~~~~^^
  File "/data/data/com.termux/files/home/downloads/data/projects/Rohit/6d346dc7/auraff.py", line 746, in main
    app = Application.builder().token(BOT_TOKEN).build()
  File "/data/data/com.termux/files/usr/lib/python3.13/site-packages/telegram/ext/_applicationbuilder.py", line 309, in build
    bot: Bot = self._build_ext_bot()  # build a bot
               ~~~~~~~~~~~~~~~~~~~^^
  File "/data/data/com.termux/files/usr/lib/python3.13/site-packages/telegram/ext/_applicationbuilder.py", line 279, in _build_ext_bot
    request=self._build_request(get_updates=False),
            ~~~~~~~~~~~~~~~~~~~^^^^^^^^^^^^^^^^^^^
  File "/data/data/com.termux/files/usr/lib/python3.13/site-packages/telegram/ext/_applicationbuilder.py", line 259, in _build_request
    return HTTPXRequest(
        connection_pool_size=connection_pool_size,
    ...<3 lines>...
        **effective_timeouts,
    )
  File "/data/data/com.termux/files/usr/lib/python3.13/site-packages/telegram/request/_httpxrequest.py", line 192, in __init__
    self._client = self._build_client()
                   ~~~~~~~~~~~~~~~~~~^^
  File "/data/data/com.termux/files/usr/lib/python3.13/site-packages/telegram/request/_httpxrequest.py", line 227, in _build_client
    return httpx.AsyncClient(**self._client_kwargs)
           ~~~~~~~~~~~~~~~~~^^^^^^^^^^^^^^^^^^^^^^^
  File "/data/data/com.termux/files/usr/lib/python3.13/site-packages/httpx/_client.py", line 1402, in __init__
    self._transport = self._init_transport(
                      ~~~~~~~~~~~~~~~~~~~~^
        verify=verify,
        ^^^^^^^^^^^^^^
    ...<5 lines>...
        transport=transport,
        ^^^^^^^^^^^^^^^^^^^^
    )
    ^
  File "/data/data/com.termux/files/usr/lib/python3.13/site-packages/httpx/_client.py", line 1445, in _init_transport
    return AsyncHTTPTransport(
        verify=verify,
    ...<4 lines>...
        limits=limits,
    )
  File "/data/data/com.termux/files/usr/lib/python3.13/site-packages/httpx/_transports/default.py", line 294, in __init__
    import httpcore
  File "/data/data/com.termux/files/usr/lib/python3.13/site-packages/httpcore/__init__.py", line 1, in <module>
    from ._api import request, stream
  File "/data/data/com.termux/files/usr/lib/python3.13/site-packages/httpcore/_api.py", line 7, in <module>
    from ._sync.connection_pool import ConnectionPool
  File "/data/data/com.termux/files/usr/lib/python3.13/site-packages/httpcore/_sync/__init__.py", line 1, in <module>
    from .connection import HTTPConnection
  File "/data/data/com.termux/files/usr/lib/python3.13/site-packages/httpcore/_sync/connection.py", line 14, in <module>
    from .._synchronization import Lock
  File "/data/data/com.termux/files/usr/lib/python3.13/site-packages/httpcore/_synchronization.py", line 17, in <module>
    import anyio
  File "/data/data/com.termux/files/usr/lib/python3.13/site-packages/anyio/__init__.py", line 53, in <module>
    from ._core._subprocesses import open_process as open_process
  File "<frozen importlib._bootstrap>", line 1360, in _find_and_load
  File "<frozen importlib._bootstrap>", line 1322, in _find_and_load_unlocked
  File "<frozen importlib._bootstrap>", line 1256, in _find_spec
  File "<frozen importlib._bootstrap>", line 1226, in __exit__
KeyboardInterrupt

[WATCHDOG] Auto restart at 2026-06-12 16:58:24.432598

[HOST] Auto install checking...
[HOST] Auto install done.

[HOST] Starting auraff.py at 2026-06-12 16:58:25.685705
2026-06-12 16:58:29,185 - __main__ - INFO - 🤖 SYSTEM OPERATIONAL - Fixed v8.1 Engine Live.
2026-06-12 16:58:30,227 - httpx - INFO - HTTP Request: POST https://api.telegram.org/bot8108100182:AAGm_41rsUinN1UQEfV1psXpcpCWdaiwhy8/getMe "HTTP/1.1 401 Unauthorized"
2026-06-12 16:58:30,233 - telegram.ext - ERROR - Network Retry Loop (Bootstrap Initialize Application): Invalid token. Aborting retry loop.
Traceback (most recent call last):
  File "/data/data/com.termux/files/usr/lib/python3.13/site-packages/telegram/_bot.py", line 857, in initialize
    await self.get_me()
  File "/data/data/com.termux/files/usr/lib/python3.13/site-packages/telegram/ext/_extbot.py", line 2008, in get_me
    return await super().get_me(
           ^^^^^^^^^^^^^^^^^^^^^
    ...<5 lines>...
    )
    ^
  File "/data/data/com.termux/files/usr/lib/python3.13/site-packages/telegram/_bot.py", line 990, in get_me
    result = await self._post(
             ^^^^^^^^^^^^^^^^^
    ...<6 lines>...
    )
    ^
  File "/data/data/com.termux/files/usr/lib/python3.13/site-packages/telegram/_bot.py", line 704, in _post
    return await self._do_post(
           ^^^^^^^^^^^^^^^^^^^^
    ...<6 lines>...
    )
    ^
  File "/data/data/com.termux/files/usr/lib/python3.13/site-packages/telegram/ext/_extbot.py", line 370, in _do_post
    return await super()._do_post(
           ^^^^^^^^^^^^^^^^^^^^^^^
    ...<6 lines>...
    )
    ^
  File "/data/data/com.termux/files/usr/lib/python3.13/site-packages/telegram/_bot.py", line 733, in _do_post
    result = await request.post(
             ^^^^^^^^^^^^^^^^^^^
    ...<6 lines>...
    )
    ^
  File "/data/data/com.termux/files/usr/lib/python3.13/site-packages/telegram/request/_baserequest.py", line 198, in post
    result = await self._request_wrapper(
             ^^^^^^^^^^^^^^^^^^^^^^^^^^^^
    ...<7 lines>...
    )
    ^
  File "/data/data/com.termux/files/usr/lib/python3.13/site-packages/telegram/request/_baserequest.py", line 375, in _request_wrapper
    raise exception
telegram.error.InvalidToken: Unauthorized

The above exception was the direct cause of the following exception:

Traceback (most recent call last):
  File "/data/data/com.termux/files/usr/lib/python3.13/site-packages/telegram/ext/_utils/networkloop.py", line 161, in network_retry_loop
    await do_action()
  File "/data/data/com.termux/files/usr/lib/python3.13/site-packages/telegram/ext/_utils/networkloop.py", line 136, in do_action
    await action_cb()
  File "/data/data/com.termux/files/usr/lib/python3.13/site-packages/telegram/ext/_application.py", line 489, in initialize
    await self.bot.initialize()
  File "/data/data/com.termux/files/usr/lib/python3.13/site-packages/telegram/ext/_extbot.py", line 316, in initialize
    await super().initialize()
  File "/data/data/com.termux/files/usr/lib/python3.13/site-packages/telegram/_bot.py", line 860, in initialize
    raise InvalidToken(f"The token `{self._token}` was rejected by the server.") from exc
telegram.error.InvalidToken: The token `8108100182:AAGm_41rsUinN1UQEfV1psXpcpCWdaiwhy8` was rejected by the server.
Traceback (most recent call last):
  File "/data/data/com.termux/files/usr/lib/python3.13/site-packages/telegram/_bot.py", line 857, in initialize
    await self.get_me()
  File "/data/data/com.termux/files/usr/lib/python3.13/site-packages/telegram/ext/_extbot.py", line 2008, in get_me
    return await super().get_me(
           ^^^^^^^^^^^^^^^^^^^^^
    ...<5 lines>...
    )
    ^
  File "/data/data/com.termux/files/usr/lib/python3.13/site-packages/telegram/_bot.py", line 990, in get_me
    result = await self._post(
             ^^^^^^^^^^^^^^^^^
    ...<6 lines>...
    )
    ^
  File "/data/data/com.termux/files/usr/lib/python3.13/site-packages/telegram/_bot.py", line 704, in _post
    return await self._do_post(
           ^^^^^^^^^^^^^^^^^^^^
    ...<6 lines>...
    )
    ^
  File "/data/data/com.termux/files/usr/lib/python3.13/site-packages/telegram/ext/_extbot.py", line 370, in _do_post
    return await super()._do_post(
           ^^^^^^^^^^^^^^^^^^^^^^^
    ...<6 lines>...
    )
    ^
  File "/data/data/com.termux/files/usr/lib/python3.13/site-packages/telegram/_bot.py", line 733, in _do_post
    result = await request.post(
             ^^^^^^^^^^^^^^^^^^^
    ...<6 lines>...
    )
    ^
  File "/data/data/com.termux/files/usr/lib/python3.13/site-packages/telegram/request/_baserequest.py", line 198, in post
    result = await self._request_wrapper(
             ^^^^^^^^^^^^^^^^^^^^^^^^^^^^
    ...<7 lines>...
    )
    ^
  File "/data/data/com.termux/files/usr/lib/python3.13/site-packages/telegram/request/_baserequest.py", line 375, in _request_wrapper
    raise exception
telegram.error.InvalidToken: Unauthorized

The above exception was the direct cause of the following exception:

Traceback (most recent call last):
  File "/data/data/com.termux/files/home/downloads/data/projects/Rohit/6d346dc7/auraff.py", line 755, in <module>
    main()
    ~~~~^^
  File "/data/data/com.termux/files/home/downloads/data/projects/Rohit/6d346dc7/auraff.py", line 752, in main
    app.run_polling(allowed_updates=Update.ALL_TYPES)
    ~~~~~~~~~~~~~~~^^^^^^^^^^^^^^^^^^^^^^^^^^^^^^^^^^
  File "/data/data/com.termux/files/usr/lib/python3.13/site-packages/telegram/ext/_application.py", line 839, in run_polling
    return self.__run(
           ~~~~~~~~~~^
        updater_coroutine=self.updater.start_polling(
        ^^^^^^^^^^^^^^^^^^^^^^^^^^^^^^^^^^^^^^^^^^^^^
    ...<9 lines>...
        close_loop=close_loop,
        ^^^^^^^^^^^^^^^^^^^^^^
    )
    ^
  File "/data/data/com.termux/files/usr/lib/python3.13/site-packages/telegram/ext/_application.py", line 1054, in __run
    loop.run_until_complete(self._bootstrap_initialize(max_retries=bootstrap_retries))
    ~~~~~~~~~~~~~~~~~~~~~~~^^^^^^^^^^^^^^^^^^^^^^^^^^^^^^^^^^^^^^^^^^^^^^^^^^^^^^^^^^^
  File "/data/data/com.termux/files/usr/lib/python3.13/asyncio/base_events.py", line 725, in run_until_complete
    return future.result()
           ~~~~~~~~~~~~~^^
  File "/data/data/com.termux/files/usr/lib/python3.13/site-packages/telegram/ext/_application.py", line 1014, in _bootstrap_initialize
    await network_retry_loop(
    ...<4 lines>...
    )
  File "/data/data/com.termux/files/usr/lib/python3.13/site-packages/telegram/ext/_utils/networkloop.py", line 161, in network_retry_loop
    await do_action()
  File "/data/data/com.termux/files/usr/lib/python3.13/site-packages/telegram/ext/_utils/networkloop.py", line 136, in do_action
    await action_cb()
  File "/data/data/com.termux/files/usr/lib/python3.13/site-packages/telegram/ext/_application.py", line 489, in initialize
    await self.bot.initialize()
  File "/data/data/com.termux/files/usr/lib/python3.13/site-packages/telegram/ext/_extbot.py", line 316, in initialize
    await super().initialize()
  File "/data/data/com.termux/files/usr/lib/python3.13/site-packages/telegram/_bot.py", line 860, in initialize
    raise InvalidToken(f"The token `{self._token}` was rejected by the server.") from exc
telegram.error.InvalidToken: The token `8108100182:AAGm_41rsUinN1UQEfV1psXpcpCWdaiwhy8` was rejected by the server.

[WATCHDOG] Auto restart at 2026-06-12 16:59:07.664318

[HOST] Auto install checking...
[HOST] Auto install done.

[HOST] Starting auraff.py at 2026-06-12 16:59:07.870919
2026-06-12 16:59:13,025 - __main__ - INFO - 🤖 SYSTEM OPERATIONAL - Fixed v8.1 Engine Live.
2026-06-12 16:59:14,009 - httpx - INFO - HTTP Request: POST https://api.telegram.org/bot8108100182:AAGm_41rsUinN1UQEfV1psXpcpCWdaiwhy8/getMe "HTTP/1.1 401 Unauthorized"
2026-06-12 16:59:14,014 - telegram.ext - ERROR - Network Retry Loop (Bootstrap Initialize Application): Invalid token. Aborting retry loop.
Traceback (most recent call last):
  File "/data/data/com.termux/files/usr/lib/python3.13/site-packages/telegram/_bot.py", line 857, in initialize
    await self.get_me()
  File "/data/data/com.termux/files/usr/lib/python3.13/site-packages/telegram/ext/_extbot.py", line 2008, in get_me
    return await super().get_me(
           ^^^^^^^^^^^^^^^^^^^^^
    ...<5 lines>...
    )
    ^
  File "/data/data/com.termux/files/usr/lib/python3.13/site-packages/telegram/_bot.py", line 990, in get_me
    result = await self._post(
             ^^^^^^^^^^^^^^^^^
    ...<6 lines>...
    )
    ^
  File "/data/data/com.termux/files/usr/lib/python3.13/site-packages/telegram/_bot.py", line 704, in _post
    return await self._do_post(
           ^^^^^^^^^^^^^^^^^^^^
    ...<6 lines>...
    )
    ^
  File "/data/data/com.termux/files/usr/lib/python3.13/site-packages/telegram/ext/_extbot.py", line 370, in _do_post
    return await super()._do_post(
           ^^^^^^^^^^^^^^^^^^^^^^^
    ...<6 lines>...
    )
    ^
  File "/data/data/com.termux/files/usr/lib/python3.13/site-packages/telegram/_bot.py", line 733, in _do_post
    result = await request.post(
             ^^^^^^^^^^^^^^^^^^^
    ...<6 lines>...
    )
    ^
  File "/data/data/com.termux/files/usr/lib/python3.13/site-packages/telegram/request/_baserequest.py", line 198, in post
    result = await self._request_wrapper(
             ^^^^^^^^^^^^^^^^^^^^^^^^^^^^
    ...<7 lines>...
    )
    ^
  File "/data/data/com.termux/files/usr/lib/python3.13/site-packages/telegram/request/_baserequest.py", line 375, in _request_wrapper
    raise exception
telegram.error.InvalidToken: Unauthorized

The above exception was the direct cause of the following exception:

Traceback (most recent call last):
  File "/data/data/com.termux/files/usr/lib/python3.13/site-packages/telegram/ext/_utils/networkloop.py", line 161, in network_retry_loop
    await do_action()
  File "/data/data/com.termux/files/usr/lib/python3.13/site-packages/telegram/ext/_utils/networkloop.py", line 136, in do_action
    await action_cb()
  File "/data/data/com.termux/files/usr/lib/python3.13/site-packages/telegram/ext/_application.py", line 489, in initialize
    await self.bot.initialize()
  File "/data/data/com.termux/files/usr/lib/python3.13/site-packages/telegram/ext/_extbot.py", line 316, in initialize
    await super().initialize()
  File "/data/data/com.termux/files/usr/lib/python3.13/site-packages/telegram/_bot.py", line 860, in initialize
    raise InvalidToken(f"The token `{self._token}` was rejected by the server.") from exc
telegram.error.InvalidToken: The token `8108100182:AAGm_41rsUinN1UQEfV1psXpcpCWdaiwhy8` was rejected by the server.
Traceback (most recent call last):
  File "/data/data/com.termux/files/usr/lib/python3.13/site-packages/telegram/_bot.py", line 857, in initialize
    await self.get_me()
  File "/data/data/com.termux/files/usr/lib/python3.13/site-packages/telegram/ext/_extbot.py", line 2008, in get_me
    return await super().get_me(
           ^^^^^^^^^^^^^^^^^^^^^
    ...<5 lines>...
    )
    ^
  File "/data/data/com.termux/files/usr/lib/python3.13/site-packages/telegram/_bot.py", line 990, in get_me
    result = await self._post(
             ^^^^^^^^^^^^^^^^^
    ...<6 lines>...
    )
    ^
  File "/data/data/com.termux/files/usr/lib/python3.13/site-packages/telegram/_bot.py", line 704, in _post
    return await self._do_post(
           ^^^^^^^^^^^^^^^^^^^^
    ...<6 lines>...
    )
    ^
  File "/data/data/com.termux/files/usr/lib/python3.13/site-packages/telegram/ext/_extbot.py", line 370, in _do_post
    return await super()._do_post(
           ^^^^^^^^^^^^^^^^^^^^^^^
    ...<6 lines>...
    )
    ^
  File "/data/data/com.termux/files/usr/lib/python3.13/site-packages/telegram/_bot.py", line 733, in _do_post
    result = await request.post(
             ^^^^^^^^^^^^^^^^^^^
    ...<6 lines>...
    )
    ^
  File "/data/data/com.termux/files/usr/lib/python3.13/site-packages/telegram/request/_baserequest.py", line 198, in post
    result = await self._request_wrapper(
             ^^^^^^^^^^^^^^^^^^^^^^^^^^^^
    ...<7 lines>...
    )
    ^
  File "/data/data/com.termux/files/usr/lib/python3.13/site-packages/telegram/request/_baserequest.py", line 375, in _request_wrapper
    raise exception
telegram.error.InvalidToken: Unauthorized

The above exception was the direct cause of the following exception:

Traceback (most recent call last):
  File "/data/data/com.termux/files/home/downloads/data/projects/Rohit/6d346dc7/auraff.py", line 755, in <module>
    main()
    ~~~~^^
  File "/data/data/com.termux/files/home/downloads/data/projects/Rohit/6d346dc7/auraff.py", line 752, in main
    app.run_polling(allowed_updates=Update.ALL_TYPES)
    ~~~~~~~~~~~~~~~^^^^^^^^^^^^^^^^^^^^^^^^^^^^^^^^^^
  File "/data/data/com.termux/files/usr/lib/python3.13/site-packages/telegram/ext/_application.py", line 839, in run_polling
    return self.__run(
           ~~~~~~~~~~^
        updater_coroutine=self.updater.start_polling(
        ^^^^^^^^^^^^^^^^^^^^^^^^^^^^^^^^^^^^^^^^^^^^^
    ...<9 lines>...
        close_loop=close_loop,
        ^^^^^^^^^^^^^^^^^^^^^^
    )
    ^
  File "/data/data/com.termux/files/usr/lib/python3.13/site-packages/telegram/ext/_application.py", line 1054, in __run
    loop.run_until_complete(self._bootstrap_initialize(max_retries=bootstrap_retries))
    ~~~~~~~~~~~~~~~~~~~~~~~^^^^^^^^^^^^^^^^^^^^^^^^^^^^^^^^^^^^^^^^^^^^^^^^^^^^^^^^^^^
  File "/data/data/com.termux/files/usr/lib/python3.13/asyncio/base_events.py", line 725, in run_until_complete
    return future.result()
           ~~~~~~~~~~~~~^^
  File "/data/data/com.termux/files/usr/lib/python3.13/site-packages/telegram/ext/_application.py", line 1014, in _bootstrap_initialize
    await network_retry_loop(
    ...<4 lines>...
    )
  File "/data/data/com.termux/files/usr/lib/python3.13/site-packages/telegram/ext/_utils/networkloop.py", line 161, in network_retry_loop
    await do_action()
  File "/data/data/com.termux/files/usr/lib/python3.13/site-packages/telegram/ext/_utils/networkloop.py", line 136, in do_action
    await action_cb()
  File "/data/data/com.termux/files/usr/lib/python3.13/site-packages/telegram/ext/_application.py", line 489, in initialize
    await self.bot.initialize()
  File "/data/data/com.termux/files/usr/lib/python3.13/site-packages/telegram/ext/_extbot.py", line 316, in initialize
    await super().initialize()
  File "/data/data/com.termux/files/usr/lib/python3.13/site-packages/telegram/_bot.py", line 860, in initialize
    raise InvalidToken(f"The token `{self._token}` was rejected by the server.") from exc
telegram.error.InvalidToken: The token `8108100182:AAGm_41rsUinN1UQEfV1psXpcpCWdaiwhy8` was rejected by the server.

[WATCHDOG] Auto restart at 2026-06-12 16:59:47.153168

[HOST] Auto install checking...
[HOST] Auto install done.

[HOST] Starting auraff.py at 2026-06-12 16:59:47.358210
2026-06-12 16:59:51,042 - __main__ - INFO - 🤖 SYSTEM OPERATIONAL - Fixed v8.1 Engine Live.
2026-06-12 16:59:51,859 - httpx - INFO - HTTP Request: POST https://api.telegram.org/bot8108100182:AAGm_41rsUinN1UQEfV1psXpcpCWdaiwhy8/getMe "HTTP/1.1 401 Unauthorized"
2026-06-12 16:59:51,865 - telegram.ext - ERROR - Network Retry Loop (Bootstrap Initialize Application): Invalid token. Aborting retry loop.
Traceback (most recent call last):
  File "/data/data/com.termux/files/usr/lib/python3.13/site-packages/telegram/_bot.py", line 857, in initialize
    await self.get_me()
  File "/data/data/com.termux/files/usr/lib/python3.13/site-packages/telegram/ext/_extbot.py", line 2008, in get_me
    return await super().get_me(
           ^^^^^^^^^^^^^^^^^^^^^
    ...<5 lines>...
    )
    ^
  File "/data/data/com.termux/files/usr/lib/python3.13/site-packages/telegram/_bot.py", line 990, in get_me
    result = await self._post(
             ^^^^^^^^^^^^^^^^^
    ...<6 lines>...
    )
    ^
  File "/data/data/com.termux/files/usr/lib/python3.13/site-packages/telegram/_bot.py", line 704, in _post
    return await self._do_post(
           ^^^^^^^^^^^^^^^^^^^^
    ...<6 lines>...
    )
    ^
  File "/data/data/com.termux/files/usr/lib/python3.13/site-packages/telegram/ext/_extbot.py", line 370, in _do_post
    return await super()._do_post(
           ^^^^^^^^^^^^^^^^^^^^^^^
    ...<6 lines>...
    )
    ^
  File "/data/data/com.termux/files/usr/lib/python3.13/site-packages/telegram/_bot.py", line 733, in _do_post
    result = await request.post(
             ^^^^^^^^^^^^^^^^^^^
    ...<6 lines>...
    )
    ^
  File "/data/data/com.termux/files/usr/lib/python3.13/site-packages/telegram/request/_baserequest.py", line 198, in post
    result = await self._request_wrapper(
             ^^^^^^^^^^^^^^^^^^^^^^^^^^^^
    ...<7 lines>...
    )
    ^
  File "/data/data/com.termux/files/usr/lib/python3.13/site-packages/telegram/request/_baserequest.py", line 375, in _request_wrapper
    raise exception
telegram.error.InvalidToken: Unauthorized

The above exception was the direct cause of the following exception:

Traceback (most recent call last):
  File "/data/data/com.termux/files/usr/lib/python3.13/site-packages/telegram/ext/_utils/networkloop.py", line 161, in network_retry_loop
    await do_action()
  File "/data/data/com.termux/files/usr/lib/python3.13/site-packages/telegram/ext/_utils/networkloop.py", line 136, in do_action
    await action_cb()
  File "/data/data/com.termux/files/usr/lib/python3.13/site-packages/telegram/ext/_application.py", line 489, in initialize
    await self.bot.initialize()
  File "/data/data/com.termux/files/usr/lib/python3.13/site-packages/telegram/ext/_extbot.py", line 316, in initialize
    await super().initialize()
  File "/data/data/com.termux/files/usr/lib/python3.13/site-packages/telegram/_bot.py", line 860, in initialize
    raise InvalidToken(f"The token `{self._token}` was rejected by the server.") from exc
telegram.error.InvalidToken: The token `8108100182:AAGm_41rsUinN1UQEfV1psXpcpCWdaiwhy8` was rejected by the server.
Traceback (most recent call last):
  File "/data/data/com.termux/files/usr/lib/python3.13/site-packages/telegram/_bot.py", line 857, in initialize
    await self.get_me()
  File "/data/data/com.termux/files/usr/lib/python3.13/site-packages/telegram/ext/_extbot.py", line 2008, in get_me
    return await super().get_me(
           ^^^^^^^^^^^^^^^^^^^^^
    ...<5 lines>...
    )
    ^
  File "/data/data/com.termux/files/usr/lib/python3.13/site-packages/telegram/_bot.py", line 990, in get_me
    result = await self._post(
             ^^^^^^^^^^^^^^^^^
    ...<6 lines>...
    )
    ^
  File "/data/data/com.termux/files/usr/lib/python3.13/site-packages/telegram/_bot.py", line 704, in _post
    return await self._do_post(
           ^^^^^^^^^^^^^^^^^^^^
    ...<6 lines>...
    )
    ^
  File "/data/data/com.termux/files/usr/lib/python3.13/site-packages/telegram/ext/_extbot.py", line 370, in _do_post
    return await super()._do_post(
           ^^^^^^^^^^^^^^^^^^^^^^^
    ...<6 lines>...
    )
    ^
  File "/data/data/com.termux/files/usr/lib/python3.13/site-packages/telegram/_bot.py", line 733, in _do_post
    result = await request.post(
             ^^^^^^^^^^^^^^^^^^^
    ...<6 lines>...
    )
    ^
  File "/data/data/com.termux/files/usr/lib/python3.13/site-packages/telegram/request/_baserequest.py", line 198, in post
    result = await self._request_wrapper(
             ^^^^^^^^^^^^^^^^^^^^^^^^^^^^
    ...<7 lines>...
    )
    ^
  File "/data/data/com.termux/files/usr/lib/python3.13/site-packages/telegram/request/_baserequest.py", line 375, in _request_wrapper
    raise exception
telegram.error.InvalidToken: Unauthorized

The above exception was the direct cause of the following exception:

Traceback (most recent call last):
  File "/data/data/com.termux/files/home/downloads/data/projects/Rohit/6d346dc7/auraff.py", line 755, in <module>
    main()
    ~~~~^^
  File "/data/data/com.termux/files/home/downloads/data/projects/Rohit/6d346dc7/auraff.py", line 752, in main
    app.run_polling(allowed_updates=Update.ALL_TYPES)
    ~~~~~~~~~~~~~~~^^^^^^^^^^^^^^^^^^^^^^^^^^^^^^^^^^
  File "/data/data/com.termux/files/usr/lib/python3.13/site-packages/telegram/ext/_application.py", line 839, in run_polling
    return self.__run(
           ~~~~~~~~~~^
        updater_coroutine=self.updater.start_polling(
        ^^^^^^^^^^^^^^^^^^^^^^^^^^^^^^^^^^^^^^^^^^^^^
    ...<9 lines>...
        close_loop=close_loop,
        ^^^^^^^^^^^^^^^^^^^^^^
    )
    ^
  File "/data/data/com.termux/files/usr/lib/python3.13/site-packages/telegram/ext/_application.py", line 1054, in __run
    loop.run_until_complete(self._bootstrap_initialize(max_retries=bootstrap_retries))
    ~~~~~~~~~~~~~~~~~~~~~~~^^^^^^^^^^^^^^^^^^^^^^^^^^^^^^^^^^^^^^^^^^^^^^^^^^^^^^^^^^^
  File "/data/data/com.termux/files/usr/lib/python3.13/asyncio/base_events.py", line 725, in run_until_complete
    return future.result()
           ~~~~~~~~~~~~~^^
  File "/data/data/com.termux/files/usr/lib/python3.13/site-packages/telegram/ext/_application.py", line 1014, in _bootstrap_initialize
    await network_retry_loop(
    ...<4 lines>...
    )
  File "/data/data/com.termux/files/usr/lib/python3.13/site-packages/telegram/ext/_utils/networkloop.py", line 161, in network_retry_loop
    await do_action()
  File "/data/data/com.termux/files/usr/lib/python3.13/site-packages/telegram/ext/_utils/networkloop.py", line 136, in do_action
    await action_cb()
  File "/data/data/com.termux/files/usr/lib/python3.13/site-packages/telegram/ext/_application.py", line 489, in initialize
    await self.bot.initialize()
  File "/data/data/com.termux/files/usr/lib/python3.13/site-packages/telegram/ext/_extbot.py", line 316, in initialize
    await super().initialize()
  File "/data/data/com.termux/files/usr/lib/python3.13/site-packages/telegram/_bot.py", line 860, in initialize
    raise InvalidToken(f"The token `{self._token}` was rejected by the server.") from exc
telegram.error.InvalidToken: The token `8108100182:AAGm_41rsUinN1UQEfV1psXpcpCWdaiwhy8` was rejected by the server.
